<?xml version="1.0" encoding="UTF-8"?>
<robot generator="Robot 5.0.1 (Python 3.10.5 on win32)" generated="20220708 16:46:20.863" rpa="false" schemaversion="3">
<suite id="s1" name="MyInfo" source="D:\AutomationTest\OrganeHRM\TestCases\MyInfo\MyInfo.robot">
<test id="s1-t1" name="HR-157: Verify that Admin can populate restricted fields when editing personal details for ESS-User" line="18">
<kw name="Open my browser" library="LoginPage" type="SETUP">
<arg>${URL}</arg>
<arg>${Browser}</arg>
<kw name="Open Browser" library="SeleniumLibrary">
<arg>${URL}</arg>
<arg>${Browser}</arg>
<doc>Opens a new browser instance to the optional ``url``.</doc>
<msg timestamp="20220708 16:46:21.156" level="INFO">Opening browser 'Chrome' to base url 'https://tmasolutions-osondemand.orangehrm.com/symfony/web/index.php/auth/login'.</msg>
<status status="PASS" starttime="20220708 16:46:21.155" endtime="20220708 16:46:34.070"/>
</kw>
<kw name="Maximize Browser Window" library="SeleniumLibrary">
<doc>Maximizes current browser window.</doc>
<status status="PASS" starttime="20220708 16:46:34.071" endtime="20220708 16:46:34.184"/>
</kw>
<status status="PASS" starttime="20220708 16:46:21.155" endtime="20220708 16:46:34.184"/>
</kw>
<kw name="Login with admin account" library="MyInfo">
<kw name="LoginAdmin" library="LoginPage">
<arg>Admin</arg>
<arg>admin123</arg>
<kw name="Enter UserName" library="LoginPage">
<arg>${user_name}</arg>
<kw name="Input Text" library="SeleniumLibrary">
<arg>${txt_UserName}</arg>
<arg>${UserName}</arg>
<doc>Types the given ``text`` into the text field identified by ``locator``.</doc>
<msg timestamp="20220708 16:46:34.186" level="INFO">Typing text 'Admin' into text field 'id:txtUsername'.</msg>
<status status="PASS" starttime="20220708 16:46:34.186" endtime="20220708 16:46:34.247"/>
</kw>
<status status="PASS" starttime="20220708 16:46:34.185" endtime="20220708 16:46:34.247"/>
</kw>
<kw name="Enter Password" library="LoginPage">
<arg>${password}</arg>
<kw name="Input Password" library="SeleniumLibrary">
<arg>${txt_Password}</arg>
<arg>${Password}</arg>
<doc>Types the given password into the text field identified by ``locator``.</doc>
<msg timestamp="20220708 16:46:34.248" level="INFO">Typing password into text field 'id:txtPassword'.</msg>
<msg timestamp="20220708 16:46:34.275" level="INFO">Temporally setting log level to: NONE</msg>
<msg timestamp="20220708 16:46:34.304" level="INFO">Log level changed from NONE to INFO.</msg>
<status status="PASS" starttime="20220708 16:46:34.247" endtime="20220708 16:46:34.304"/>
</kw>
<status status="PASS" starttime="20220708 16:46:34.247" endtime="20220708 16:46:34.304"/>
</kw>
<kw name="Click Button Login" library="LoginPage">
<kw name="Click Button" library="SeleniumLibrary">
<arg>${btn_login}</arg>
<doc>Clicks the button identified by ``locator``.</doc>
<msg timestamp="20220708 16:46:34.305" level="INFO">Clicking button 'xpath://input[@id='btnLogin']'.</msg>
<status status="PASS" starttime="20220708 16:46:34.304" endtime="20220708 16:46:36.433"/>
</kw>
<kw name="Sleep" library="BuiltIn">
<arg>2</arg>
<doc>Pauses the test executed for the given time.</doc>
<msg timestamp="20220708 16:46:38.435" level="INFO">Slept 2 seconds</msg>
<status status="PASS" starttime="20220708 16:46:36.433" endtime="20220708 16:46:38.435"/>
</kw>
<status status="PASS" starttime="20220708 16:46:34.304" endtime="20220708 16:46:38.435"/>
</kw>
<kw name="Verify Successful Login" library="LoginPage">
<kw name="Location Should Be" library="SeleniumLibrary">
<arg>https://opensource-demo.orangehrmlive.com/index.php/dashboard</arg>
<doc>Verifies that the current URL is exactly ``url``.</doc>
<msg timestamp="20220708 16:46:38.589" level="INFO" html="true">&lt;/td&gt;&lt;/tr&gt;&lt;tr&gt;&lt;td colspan="3"&gt;&lt;a href="selenium-screenshot-8.png"&gt;&lt;img src="selenium-screenshot-8.png" width="800px"&gt;&lt;/a&gt;</msg>
<msg timestamp="20220708 16:46:38.590" level="FAIL">Location should have been 'https://opensource-demo.orangehrmlive.com/index.php/dashboard' but was 'https://tmasolutions-osondemand.orangehrm.com/symfony/web/index.php/auth/validateCredentials'.</msg>
<status status="FAIL" starttime="20220708 16:46:38.435" endtime="20220708 16:46:38.827"/>
</kw>
<kw name="Page Should Contain" library="SeleniumLibrary">
<arg>Welcome</arg>
<doc>Verifies that current page contains ``text``.</doc>
<status status="NOT RUN" starttime="20220708 16:46:38.828" endtime="20220708 16:46:38.828"/>
</kw>
<status status="FAIL" starttime="20220708 16:46:38.435" endtime="20220708 16:46:38.828"/>
</kw>
<status status="FAIL" starttime="20220708 16:46:34.185" endtime="20220708 16:46:38.829"/>
</kw>
<status status="FAIL" starttime="20220708 16:46:34.185" endtime="20220708 16:46:38.829"/>
</kw>
<kw name="Click &quot;PIM&quot; link and find account ESS" library="MyInfo">
<status status="NOT RUN" starttime="20220708 16:46:38.830" endtime="20220708 16:46:38.830"/>
</kw>
<kw name="Click on the id_value" library="MyInfo">
<status status="NOT RUN" starttime="20220708 16:46:38.830" endtime="20220708 16:46:38.830"/>
</kw>
<kw name="Click &quot;Edit&quot; button In &quot;Personal Details&quot; section" library="MyInfo">
<status status="NOT RUN" starttime="20220708 16:46:38.830" endtime="20220708 16:46:38.830"/>
</kw>
<kw name="Close my browser" library="LoginPage" type="TEARDOWN">
<kw name="Sleep" library="BuiltIn">
<arg>10</arg>
<doc>Pauses the test executed for the given time.</doc>
<msg timestamp="20220708 16:46:48.832" level="INFO">Slept 10 seconds</msg>
<status status="PASS" starttime="20220708 16:46:38.831" endtime="20220708 16:46:48.832"/>
</kw>
<kw name="Close Browser" library="SeleniumLibrary">
<doc>Closes the current browser.</doc>
<status status="PASS" starttime="20220708 16:46:48.832" endtime="20220708 16:46:51.111"/>
</kw>
<status status="PASS" starttime="20220708 16:46:38.831" endtime="20220708 16:46:51.111"/>
</kw>
<status status="FAIL" starttime="20220708 16:46:21.154" endtime="20220708 16:46:51.111">Location should have been 'https://opensource-demo.orangehrmlive.com/index.php/dashboard' but was 'https://tmasolutions-osondemand.orangehrm.com/symfony/web/index.php/auth/validateCredentials'.</status>
</test>
<status status="FAIL" starttime="20220708 16:46:20.864" endtime="20220708 16:46:51.113"/>
</suite>
<statistics>
<total>
<stat pass="0" fail="1" skip="0">All Tests</stat>
</total>
<tag>
</tag>
<suite>
<stat pass="0" fail="1" skip="0" id="s1" name="MyInfo">MyInfo</stat>
</suite>
</statistics>
<errors>
</errors>
</robot>
