<?xml version="1.0" encoding="UTF-8"?>
<robot generator="Robot 5.0.1 (Python 3.10.5 on win32)" generated="20220630 16:22:01.774" rpa="false" schemaversion="3">
<suite id="s1" name="MyInfo" source="D:\AutomationTest\OrganeHRM\TestCases\MyInfo\MyInfo.robot">
<test id="s1-t1" name="HR-133: Verify that be able to edit and save the Personal Details successfully" line="16">
<kw name="Open my browser" library="LoginPage" type="SETUP">
<arg>${URL}</arg>
<arg>${Browser}</arg>
<kw name="Open Browser" library="SeleniumLibrary">
<arg>${URL}</arg>
<arg>${Browser}</arg>
<doc>Opens a new browser instance to the optional ``url``.</doc>
<msg timestamp="20220630 16:22:02.013" level="INFO">Opening browser 'Edge' to base url 'https://opensource-demo.orangehrmlive.com/'.</msg>
<msg timestamp="20220630 16:28:03.794" level="WARN">Keyword 'Capture Page Screenshot' could not be run on failure: Message: timeout: Timed out receiving message from renderer: 10.000
  (Session info: MicrosoftEdge=103.0.1264.37)
Stacktrace:
Backtrace:
	Microsoft::Applications::Events::EventProperties::unpack [0x00007FF61BC26292+24642]
	Microsoft::Applications::Events::GUID_t::GUID_t [0x00007FF61BB799E2+334098]
	Ordinal0 [0x00007FF61B717915+620821]
	Ordinal0 [0x00007FF61B704F2E+544558]
	Ordinal0 [0x00007FF61B703BB0+539568]
	Ordinal0 [0x00007FF61B704133+540979]
	Ordinal0 [0x00007FF61B7208E7+657639]
	Ordinal0 [0x00007FF61B791BA7+1121191]
	Ordinal0 [0x00007FF61B76EE9A+978586]
	Ordinal0 [0x00007FF61B78306F+1060975]
	Ordinal0 [0x00007FF61B76ECB3+978099]
	Ordinal0 [0x00007FF61B745F00+810752]
	Ordinal0 [0x00007FF61B747508+816392]
	Microsoft::Applications::Events::EventProperty::EventProperty [0x00007FF61B9DD478+135480]
	Microsoft::Applications::Events::EventProperty::EventProperty [0x00007FF61B9C4B77+34871]
	Microsoft::Applications::Events::EventProperty::EventProperty [0x00007FF61B9C7BFC+47292]
	Microsoft::Applications::Events::EventProperty::to_string [0x00007FF61B8211B6+23222]
	Microsoft::Applications::Events::GUID_t::GUID_t [0x00007FF61BB80EEB+364059]
	Microsoft::Applications::Events::GUID_t::GUID_t [0x00007FF61BB85924+383060]
	Microsoft::Applications::Events::GUID_t::GUID_t [0x00007FF61BB85A7D+383405]
	Microsoft::Applications::Events::time_ticks_t::time_ticks_t [0x00007FF61BB9038E+39918]
	BaseThreadInitThunk [0x00007FFEBCA77C24+20]
	RtlUserThreadStart [0x00007FFEBDFED721+33]
</msg>
<msg timestamp="20220630 16:28:03.796" level="FAIL">TimeoutException: Message: timeout: Timed out receiving message from renderer: 296.045
  (Session info: MicrosoftEdge=103.0.1264.37)
Stacktrace:
Backtrace:
	Microsoft::Applications::Events::EventProperties::unpack [0x00007FF61BC26292+24642]
	Microsoft::Applications::Events::GUID_t::GUID_t [0x00007FF61BB799E2+334098]
	Ordinal0 [0x00007FF61B717915+620821]
	Ordinal0 [0x00007FF61B704F2E+544558]
	Ordinal0 [0x00007FF61B703BB0+539568]
	Ordinal0 [0x00007FF61B704133+540979]
	Ordinal0 [0x00007FF61B70FAE6+588518]
	Ordinal0 [0x00007FF61B720492+656530]
	Ordinal0 [0x00007FF61B724AA9+674473]
	Ordinal0 [0x00007FF61B7044D5+541909]
	Ordinal0 [0x00007FF61B720190+655760]
	Ordinal0 [0x00007FF61B783516+1062166]
	Ordinal0 [0x00007FF61B76ECB3+978099]
	Ordinal0 [0x00007FF61B745F00+810752]
	Ordinal0 [0x00007FF61B747508+816392]
	Microsoft::Applications::Events::EventProperty::EventProperty [0x00007FF61B9DD478+135480]
	Microsoft::Applications::Events::EventProperty::EventProperty [0x00007FF61B9C4B77+34871]
	Microsoft::Applications::Events::EventProperty::EventProperty [0x00007FF61B9C7BFC+47292]
	Microsoft::Applications::Events::EventProperty::to_string [0x00007FF61B8211B6+23222]
	Microsoft::Applications::Events::GUID_t::GUID_t [0x00007FF61BB80EEB+364059]
	Microsoft::Applications::Events::GUID_t::GUID_t [0x00007FF61BB85924+383060]
	Microsoft::Applications::Events::GUID_t::GUID_t [0x00007FF61BB85A7D+383405]
	Microsoft::Applications::Events::time_ticks_t::time_ticks_t [0x00007FF61BB9038E+39918]
	BaseThreadInitThunk [0x00007FFEBCA77C24+20]
	RtlUserThreadStart [0x00007FFEBDFED721+33]
</msg>
<status status="FAIL" starttime="20220630 16:22:02.013" endtime="20220630 16:28:03.811"/>
</kw>
<status status="FAIL" starttime="20220630 16:22:02.013" endtime="20220630 16:28:03.812"/>
</kw>
<kw name="Close my browser" library="LoginPage" type="TEARDOWN">
<kw name="Sleep" library="BuiltIn">
<arg>10</arg>
<doc>Pauses the test executed for the given time.</doc>
<msg timestamp="20220630 16:28:13.814" level="INFO">Slept 10 seconds</msg>
<status status="PASS" starttime="20220630 16:28:03.813" endtime="20220630 16:28:13.814"/>
</kw>
<kw name="Close Browser" library="SeleniumLibrary">
<doc>Closes the current browser.</doc>
<status status="PASS" starttime="20220630 16:28:13.814" endtime="20220630 16:28:16.049"/>
</kw>
<status status="PASS" starttime="20220630 16:28:03.812" endtime="20220630 16:28:16.049"/>
</kw>
<status status="FAIL" starttime="20220630 16:22:02.012" endtime="20220630 16:28:16.049">Setup failed:
TimeoutException: Message: timeout: Timed out receiving message from renderer: 296.045
  (Session info: MicrosoftEdge=103.0.1264.37)
Stacktrace:
Backtrace:
	Microsoft::Applications::Events::EventProperties::unpack [0x00007FF61BC26292+24642]
	Microsoft::Applications::Events::GUID_t::GUID_t [0x00007FF61BB799E2+334098]
	Ordinal0 [0x00007FF61B717915+620821]
	Ordinal0 [0x00007FF61B704F2E+544558]
	Ordinal0 [0x00007FF61B703BB0+539568]
	Ordinal0 [0x00007FF61B704133+540979]
	Ordinal0 [0x00007FF61B70FAE6+588518]
	Ordinal0 [0x00007FF61B720492+656530]
	Ordinal0 [0x00007FF61B724AA9+674473]
	Ordinal0 [0x00007FF61B7044D5+541909]
	Ordinal0 [0x00007FF61B720190+655760]
	Ordinal0 [0x00007FF61B783516+1062166]
	Ordinal0 [0x00007FF61B76ECB3+978099]
	Ordinal0 [0x00007FF61B745F00+810752]
	Ordinal0 [0x00007FF61B747508+816392]
	Microsoft::Applications::Events::EventProperty::EventProperty [0x00007FF61B9DD478+135480]
	Microsoft::Applications::Events::EventProperty::EventProperty [0x00007FF61B9C4B77+34871]
	Microsoft::Applications::Events::EventProperty::EventProperty [0x00007FF61B9C7BFC+47292]
	Microsoft::Applications::Events::EventProperty::to_string [0x00007FF61B8211B6+23222]
	Microsoft::Applications::Events::GUID_t::GUID_t [0x00007FF61BB80EEB+364059]
	Microsoft::Applications::Events::GUID_t::GUID_t [0x00007FF61BB85924+383060]
	Microsoft::Applications::Events::GUID_t::GUID_t [0x00007FF61BB85A7D+383405]
	Microsoft::Applications::Events::time_ticks_t::time_ticks_t [0x00007FF61BB9038E+39918]
	BaseThreadInitThunk [0x00007FFEBCA77C24+20]
	RtlUserThreadStart [0x00007FFEBDFED721+33]
</status>
</test>
<status status="FAIL" starttime="20220630 16:22:01.775" endtime="20220630 16:28:16.051"/>
</suite>
<statistics>
<total>
<stat pass="0" fail="1" skip="0">All Tests</stat>
</total>
<tag>
</tag>
<suite>
<stat pass="0" fail="1" skip="0" id="s1" name="MyInfo">MyInfo</stat>
</suite>
</statistics>
<errors>
<msg timestamp="20220630 16:28:03.794" level="WARN">Keyword 'Capture Page Screenshot' could not be run on failure: Message: timeout: Timed out receiving message from renderer: 10.000
  (Session info: MicrosoftEdge=103.0.1264.37)
Stacktrace:
Backtrace:
	Microsoft::Applications::Events::EventProperties::unpack [0x00007FF61BC26292+24642]
	Microsoft::Applications::Events::GUID_t::GUID_t [0x00007FF61BB799E2+334098]
	Ordinal0 [0x00007FF61B717915+620821]
	Ordinal0 [0x00007FF61B704F2E+544558]
	Ordinal0 [0x00007FF61B703BB0+539568]
	Ordinal0 [0x00007FF61B704133+540979]
	Ordinal0 [0x00007FF61B7208E7+657639]
	Ordinal0 [0x00007FF61B791BA7+1121191]
	Ordinal0 [0x00007FF61B76EE9A+978586]
	Ordinal0 [0x00007FF61B78306F+1060975]
	Ordinal0 [0x00007FF61B76ECB3+978099]
	Ordinal0 [0x00007FF61B745F00+810752]
	Ordinal0 [0x00007FF61B747508+816392]
	Microsoft::Applications::Events::EventProperty::EventProperty [0x00007FF61B9DD478+135480]
	Microsoft::Applications::Events::EventProperty::EventProperty [0x00007FF61B9C4B77+34871]
	Microsoft::Applications::Events::EventProperty::EventProperty [0x00007FF61B9C7BFC+47292]
	Microsoft::Applications::Events::EventProperty::to_string [0x00007FF61B8211B6+23222]
	Microsoft::Applications::Events::GUID_t::GUID_t [0x00007FF61BB80EEB+364059]
	Microsoft::Applications::Events::GUID_t::GUID_t [0x00007FF61BB85924+383060]
	Microsoft::Applications::Events::GUID_t::GUID_t [0x00007FF61BB85A7D+383405]
	Microsoft::Applications::Events::time_ticks_t::time_ticks_t [0x00007FF61BB9038E+39918]
	BaseThreadInitThunk [0x00007FFEBCA77C24+20]
	RtlUserThreadStart [0x00007FFEBDFED721+33]
</msg>
</errors>
</robot>
