<?xml version="1.0" encoding="UTF-8"?>
<robot generator="Robot 5.0 (Python 3.10.4 on win32)" generated="20220630 19:02:11.187" rpa="false" schemaversion="3">
<suite id="s1" name="MyInfo" source="D:\Data\AutomationTest\OrganeHRM\TestCases\MyInfo\MyInfo.robot">
<test id="s1-t1" name="HR-134: Verify that be able to edit and save “Custom Fields“" line="16">
<kw name="Open my browser" library="LoginPage" type="SETUP">
<arg>${URL}</arg>
<arg>${Browser}</arg>
<kw name="Open Browser" library="SeleniumLibrary">
<arg>${URL}</arg>
<arg>${Browser}</arg>
<doc>Opens a new browser instance to the optional ``url``.</doc>
<msg timestamp="20220630 19:02:11.433" level="INFO">Opening browser 'Edge' to base url 'https://opensource-demo.orangehrmlive.com/'.</msg>
<status status="PASS" starttime="20220630 19:02:11.433" endtime="20220630 19:02:15.665"/>
</kw>
<status status="PASS" starttime="20220630 19:02:11.432" endtime="20220630 19:02:15.665"/>
</kw>
<kw name="Login ESS" library="LoginPage">
<arg>adash</arg>
<arg>adash123</arg>
<kw name="Enter UserName" library="LoginPage">
<arg>${txt_UserName}</arg>
<kw name="Input Text" library="SeleniumLibrary">
<arg>${txt_UserName}</arg>
<arg>${UserName}</arg>
<doc>Types the given ``text`` into the text field identified by ``locator``.</doc>
<msg timestamp="20220630 19:02:15.669" level="INFO">Typing text 'adash' into text field 'id:txtUsername'.</msg>
<status status="PASS" starttime="20220630 19:02:15.668" endtime="20220630 19:02:15.781"/>
</kw>
<status status="PASS" starttime="20220630 19:02:15.667" endtime="20220630 19:02:15.782"/>
</kw>
<kw name="Enter Password" library="LoginPage">
<arg>${txt_Password}</arg>
<kw name="Input Password" library="SeleniumLibrary">
<arg>${txt_Password}</arg>
<arg>${Password}</arg>
<doc>Types the given password into the text field identified by ``locator``.</doc>
<msg timestamp="20220630 19:02:15.783" level="INFO">Typing password into text field 'id:txtPassword'.</msg>
<msg timestamp="20220630 19:02:15.827" level="INFO">Temporally setting log level to: NONE</msg>
<msg timestamp="20220630 19:02:15.882" level="INFO">Log level changed from NONE to INFO.</msg>
<status status="PASS" starttime="20220630 19:02:15.782" endtime="20220630 19:02:15.882"/>
</kw>
<status status="PASS" starttime="20220630 19:02:15.782" endtime="20220630 19:02:15.882"/>
</kw>
<kw name="Click Button Login" library="LoginPage">
<kw name="Click Button" library="SeleniumLibrary">
<arg>${btn_login}</arg>
<doc>Clicks the button identified by ``locator``.</doc>
<msg timestamp="20220630 19:02:15.884" level="INFO">Clicking button 'xpath://input[@id='btnLogin']'.</msg>
<status status="PASS" starttime="20220630 19:02:15.883" endtime="20220630 19:02:18.909"/>
</kw>
<kw name="Sleep" library="BuiltIn">
<arg>2</arg>
<doc>Pauses the test executed for the given time.</doc>
<msg timestamp="20220630 19:02:20.918" level="INFO">Slept 2 seconds</msg>
<status status="PASS" starttime="20220630 19:02:18.909" endtime="20220630 19:02:20.918"/>
</kw>
<status status="PASS" starttime="20220630 19:02:15.882" endtime="20220630 19:02:20.918"/>
</kw>
<kw name="Verify Successful Login" library="LoginPage">
<kw name="Location Should Be" library="SeleniumLibrary">
<arg>https://opensource-demo.orangehrmlive.com/index.php/dashboard</arg>
<doc>Verifies that the current URL is exactly ``url``.</doc>
<msg timestamp="20220630 19:02:20.923" level="INFO">Current location is 'https://opensource-demo.orangehrmlive.com/index.php/dashboard'.</msg>
<status status="PASS" starttime="20220630 19:02:20.918" endtime="20220630 19:02:20.923"/>
</kw>
<kw name="Page Should Contain" library="SeleniumLibrary">
<arg>Welcome</arg>
<doc>Verifies that current page contains ``text``.</doc>
<msg timestamp="20220630 19:02:20.933" level="INFO">Current page contains text 'Welcome'.</msg>
<status status="PASS" starttime="20220630 19:02:20.923" endtime="20220630 19:02:20.933"/>
</kw>
<status status="PASS" starttime="20220630 19:02:20.918" endtime="20220630 19:02:20.933"/>
</kw>
<status status="PASS" starttime="20220630 19:02:15.666" endtime="20220630 19:02:20.933"/>
</kw>
<kw name="Click &quot;My Info&quot; link" library="MyInfo">
<kw name="Click Element" library="SeleniumLibrary">
<arg>${MyInfo_Link}</arg>
<doc>Click the element identified by ``locator``.</doc>
<msg timestamp="20220630 19:02:20.934" level="INFO">Clicking element 'xpath://b[contains(text(),'My Info')]'.</msg>
<status status="PASS" starttime="20220630 19:02:20.934" endtime="20220630 19:02:22.560"/>
</kw>
<status status="PASS" starttime="20220630 19:02:20.934" endtime="20220630 19:02:22.560"/>
</kw>
<kw name="Click &quot;Edit&quot; button in Custom Fields section" library="MyInfo">
<kw name="Click Element" library="SeleniumLibrary">
<arg>${btn_EditCustomFields}</arg>
<doc>Click the element identified by ``locator``.</doc>
<msg timestamp="20220630 19:02:22.560" level="INFO">Clicking element 'xpath://input[@id='btnEditCustom']'.</msg>
<status status="PASS" starttime="20220630 19:02:22.560" endtime="20220630 19:02:22.601"/>
</kw>
<kw name="Element Should Be Enabled" library="SeleniumLibrary">
<arg>${dropdown_BloodType}</arg>
<doc>Verifies that element identified by ``locator`` is enabled.</doc>
<status status="PASS" starttime="20220630 19:02:22.601" endtime="20220630 19:02:22.620"/>
</kw>
<kw name="Get Value" library="SeleniumLibrary">
<var>${save}</var>
<arg>${btn_EditCustomFields}</arg>
<doc>Returns the value attribute of the element identified by ``locator``.</doc>
<msg timestamp="20220630 19:02:22.631" level="INFO">${save} = Save</msg>
<status status="PASS" starttime="20220630 19:02:22.620" endtime="20220630 19:02:22.632"/>
</kw>
<kw name="Should Be Equal As Strings" library="BuiltIn">
<arg>${save}</arg>
<arg>Save</arg>
<doc>Fails if objects are unequal after converting them to strings.</doc>
<status status="PASS" starttime="20220630 19:02:22.632" endtime="20220630 19:02:22.632"/>
</kw>
<status status="PASS" starttime="20220630 19:02:22.560" endtime="20220630 19:02:22.632"/>
</kw>
<kw name="Click &quot;Save&quot; button in Custom Fields section and Save data in Custom Fields section" library="MyInfo">
<kw name="Create List" library="BuiltIn">
<var>${lists}</var>
<arg>--Select--</arg>
<arg>A+</arg>
<arg>A-</arg>
<arg>AB+</arg>
<arg>AB-</arg>
<arg>B+</arg>
<arg>B-</arg>
<arg>O+</arg>
<arg>O-</arg>
<doc>Returns a list containing given items.</doc>
<msg timestamp="20220630 19:02:22.633" level="INFO">${lists} = ['--Select--', 'A+', 'A-', 'AB+', 'AB-', 'B+', 'B-', 'O+', 'O-']</msg>
<status status="PASS" starttime="20220630 19:02:22.633" endtime="20220630 19:02:22.633"/>
</kw>
<kw name="Log" library="BuiltIn">
<arg>${lists}</arg>
<doc>Logs the given message with the given level.</doc>
<msg timestamp="20220630 19:02:22.633" level="INFO">['--Select--', 'A+', 'A-', 'AB+', 'AB-', 'B+', 'B-', 'O+', 'O-']</msg>
<status status="PASS" starttime="20220630 19:02:22.633" endtime="20220630 19:02:22.633"/>
</kw>
<for flavor="IN">
<var>${item}</var>
<value>@{lists}</value>
<iter>
<var name="${item}">--Select--</var>
<kw name="Log" library="BuiltIn">
<arg>${item}</arg>
<doc>Logs the given message with the given level.</doc>
<msg timestamp="20220630 19:02:22.634" level="INFO">--Select--</msg>
<status status="PASS" starttime="20220630 19:02:22.634" endtime="20220630 19:02:22.634"/>
</kw>
<status status="PASS" starttime="20220630 19:02:22.634" endtime="20220630 19:02:22.634"/>
</iter>
<iter>
<var name="${item}">A+</var>
<kw name="Log" library="BuiltIn">
<arg>${item}</arg>
<doc>Logs the given message with the given level.</doc>
<msg timestamp="20220630 19:02:22.635" level="INFO">A+</msg>
<status status="PASS" starttime="20220630 19:02:22.635" endtime="20220630 19:02:22.635"/>
</kw>
<status status="PASS" starttime="20220630 19:02:22.634" endtime="20220630 19:02:22.635"/>
</iter>
<iter>
<var name="${item}">A-</var>
<kw name="Log" library="BuiltIn">
<arg>${item}</arg>
<doc>Logs the given message with the given level.</doc>
<msg timestamp="20220630 19:02:22.636" level="INFO">A-</msg>
<status status="PASS" starttime="20220630 19:02:22.636" endtime="20220630 19:02:22.636"/>
</kw>
<status status="PASS" starttime="20220630 19:02:22.636" endtime="20220630 19:02:22.636"/>
</iter>
<iter>
<var name="${item}">AB+</var>
<kw name="Log" library="BuiltIn">
<arg>${item}</arg>
<doc>Logs the given message with the given level.</doc>
<msg timestamp="20220630 19:02:22.637" level="INFO">AB+</msg>
<status status="PASS" starttime="20220630 19:02:22.637" endtime="20220630 19:02:22.637"/>
</kw>
<status status="PASS" starttime="20220630 19:02:22.636" endtime="20220630 19:02:22.637"/>
</iter>
<iter>
<var name="${item}">AB-</var>
<kw name="Log" library="BuiltIn">
<arg>${item}</arg>
<doc>Logs the given message with the given level.</doc>
<msg timestamp="20220630 19:02:22.637" level="INFO">AB-</msg>
<status status="PASS" starttime="20220630 19:02:22.637" endtime="20220630 19:02:22.637"/>
</kw>
<status status="PASS" starttime="20220630 19:02:22.637" endtime="20220630 19:02:22.637"/>
</iter>
<iter>
<var name="${item}">B+</var>
<kw name="Log" library="BuiltIn">
<arg>${item}</arg>
<doc>Logs the given message with the given level.</doc>
<msg timestamp="20220630 19:02:22.638" level="INFO">B+</msg>
<status status="PASS" starttime="20220630 19:02:22.638" endtime="20220630 19:02:22.638"/>
</kw>
<status status="PASS" starttime="20220630 19:02:22.638" endtime="20220630 19:02:22.638"/>
</iter>
<iter>
<var name="${item}">B-</var>
<kw name="Log" library="BuiltIn">
<arg>${item}</arg>
<doc>Logs the given message with the given level.</doc>
<msg timestamp="20220630 19:02:22.638" level="INFO">B-</msg>
<status status="PASS" starttime="20220630 19:02:22.638" endtime="20220630 19:02:22.638"/>
</kw>
<status status="PASS" starttime="20220630 19:02:22.638" endtime="20220630 19:02:22.638"/>
</iter>
<iter>
<var name="${item}">O+</var>
<kw name="Log" library="BuiltIn">
<arg>${item}</arg>
<doc>Logs the given message with the given level.</doc>
<msg timestamp="20220630 19:02:22.638" level="INFO">O+</msg>
<status status="PASS" starttime="20220630 19:02:22.638" endtime="20220630 19:02:22.638"/>
</kw>
<status status="PASS" starttime="20220630 19:02:22.638" endtime="20220630 19:02:22.638"/>
</iter>
<iter>
<var name="${item}">O-</var>
<kw name="Log" library="BuiltIn">
<arg>${item}</arg>
<doc>Logs the given message with the given level.</doc>
<msg timestamp="20220630 19:02:22.639" level="INFO">O-</msg>
<status status="PASS" starttime="20220630 19:02:22.639" endtime="20220630 19:02:22.639"/>
</kw>
<status status="PASS" starttime="20220630 19:02:22.638" endtime="20220630 19:02:22.639"/>
</iter>
<status status="PASS" starttime="20220630 19:02:22.633" endtime="20220630 19:02:22.639"/>
</for>
<kw name="Select From List By Value" library="SeleniumLibrary">
<arg>${dropdown_BloodType}</arg>
<arg>A+</arg>
<doc>Selects options from selection list ``locator`` by ``values``.</doc>
<msg timestamp="20220630 19:02:22.639" level="INFO">Selecting options from selection list 'xpath://select[@name='custom1']' by value A+.</msg>
<status status="PASS" starttime="20220630 19:02:22.639" endtime="20220630 19:02:22.687"/>
</kw>
<status status="PASS" starttime="20220630 19:02:22.632" endtime="20220630 19:02:22.687"/>
</kw>
<kw name="Close my browser" library="LoginPage" type="TEARDOWN">
<kw name="Sleep" library="BuiltIn">
<arg>10</arg>
<doc>Pauses the test executed for the given time.</doc>
<msg timestamp="20220630 19:02:32.697" level="INFO">Slept 10 seconds</msg>
<status status="PASS" starttime="20220630 19:02:22.688" endtime="20220630 19:02:32.697"/>
</kw>
<kw name="Close Browser" library="SeleniumLibrary">
<doc>Closes the current browser.</doc>
<status status="PASS" starttime="20220630 19:02:32.698" endtime="20220630 19:02:34.843"/>
</kw>
<status status="PASS" starttime="20220630 19:02:22.687" endtime="20220630 19:02:34.843"/>
</kw>
<status status="PASS" starttime="20220630 19:02:11.431" endtime="20220630 19:02:34.843"/>
</test>
<status status="PASS" starttime="20220630 19:02:11.188" endtime="20220630 19:02:34.845"/>
</suite>
<statistics>
<total>
<stat pass="1" fail="0" skip="0">All Tests</stat>
</total>
<tag>
</tag>
<suite>
<stat pass="1" fail="0" skip="0" id="s1" name="MyInfo">MyInfo</stat>
</suite>
</statistics>
<errors>
</errors>
</robot>
