<?xml version="1.0" encoding="UTF-8"?>
<robot generator="Robot 5.0 (Python 3.10.4 on win32)" generated="20220621 01:17:13.938" rpa="false" schemaversion="3">
<suite id="s1" name="Controller" source="D:\Data\AutomationTest\OrganeHRM\TestCases\Controller.robot">
<test id="s1-t1" name="HO-43: Verify that all itmes at the header section display corectly" line="13">
<kw name="Open my browser" library="LoginPage" type="SETUP">
<arg>${URL}</arg>
<arg>${Browser}</arg>
<kw name="Open Browser" library="SeleniumLibrary">
<arg>${URL}</arg>
<arg>${Browser}</arg>
<doc>Opens a new browser instance to the optional ``url``.</doc>
<msg timestamp="20220621 01:17:14.137" level="INFO">Opening browser 'Edge' to base url 'https://opensource-demo.orangehrmlive.com/'.</msg>
<status status="PASS" starttime="20220621 01:17:14.136" endtime="20220621 01:17:18.331"/>
</kw>
<kw name="Sleep" library="BuiltIn">
<arg>15</arg>
<doc>Pauses the test executed for the given time.</doc>
<msg timestamp="20220621 01:17:33.345" level="INFO">Slept 15 seconds</msg>
<status status="PASS" starttime="20220621 01:17:18.331" endtime="20220621 01:17:33.345"/>
</kw>
<status status="PASS" starttime="20220621 01:17:14.136" endtime="20220621 01:17:33.346"/>
</kw>
<kw name="Element Should Be Visible" library="SeleniumLibrary">
<arg>${Logo_Header}</arg>
<doc>Verifies that the element identified by ``locator`` is visible.</doc>
<msg timestamp="20220621 01:17:33.390" level="INFO">Element 'xpath://body/div[@id='wrapper']/div[@id='content']/div[@id='divLogin']/div[@id='divLogo']/img[1]' is displayed.</msg>
<status status="PASS" starttime="20220621 01:17:33.347" endtime="20220621 01:17:33.390"/>
</kw>
<kw name="Close my browser" library="LoginPage" type="TEARDOWN">
<kw name="Sleep" library="BuiltIn">
<arg>10</arg>
<doc>Pauses the test executed for the given time.</doc>
<msg timestamp="20220621 01:17:43.397" level="INFO">Slept 10 seconds</msg>
<status status="PASS" starttime="20220621 01:17:33.391" endtime="20220621 01:17:43.397"/>
</kw>
<kw name="Close Browser" library="SeleniumLibrary">
<doc>Closes the current browser.</doc>
<status status="PASS" starttime="20220621 01:17:43.397" endtime="20220621 01:17:45.596"/>
</kw>
<status status="PASS" starttime="20220621 01:17:33.390" endtime="20220621 01:17:45.596"/>
</kw>
<status status="PASS" starttime="20220621 01:17:14.135" endtime="20220621 01:17:45.597"/>
</test>
<test id="s1-t2" name="HO-44: Verify that all the items at the body section display corectly" line="15">
<kw name="Open my browser" library="LoginPage" type="SETUP">
<arg>${URL}</arg>
<arg>${Browser}</arg>
<kw name="Open Browser" library="SeleniumLibrary">
<arg>${URL}</arg>
<arg>${Browser}</arg>
<doc>Opens a new browser instance to the optional ``url``.</doc>
<msg timestamp="20220621 01:17:45.598" level="INFO">Opening browser 'Edge' to base url 'https://opensource-demo.orangehrmlive.com/'.</msg>
<status status="PASS" starttime="20220621 01:17:45.598" endtime="20220621 01:17:49.718"/>
</kw>
<kw name="Sleep" library="BuiltIn">
<arg>15</arg>
<doc>Pauses the test executed for the given time.</doc>
<msg timestamp="20220621 01:18:04.731" level="INFO">Slept 15 seconds</msg>
<status status="PASS" starttime="20220621 01:17:49.719" endtime="20220621 01:18:04.731"/>
</kw>
<status status="PASS" starttime="20220621 01:17:45.598" endtime="20220621 01:18:04.731"/>
</kw>
<kw name="Verify image of header section" library="LoginPage">
<kw name="Element Should Be Visible" library="SeleniumLibrary">
<arg>${Background_Header_Form}</arg>
<doc>Verifies that the element identified by ``locator`` is visible.</doc>
<msg timestamp="20220621 01:18:04.750" level="INFO">Element 'xpath://*[name()='path' and contains(@fill,'url(#d)')]' is displayed.</msg>
<status status="PASS" starttime="20220621 01:18:04.732" endtime="20220621 01:18:04.750"/>
</kw>
<status status="PASS" starttime="20220621 01:18:04.731" endtime="20220621 01:18:04.750"/>
</kw>
<kw name="Verify Circle_HRM_For_All logo display corectly" library="LoginPage">
<kw name="Element Should Be Visible" library="SeleniumLibrary">
<arg>${Circle_HRM_For_All}</arg>
<doc>Verifies that the element identified by ``locator`` is visible.</doc>
<msg timestamp="20220621 01:18:04.769" level="INFO">Element 'xpath://*[name()='circle' and contains(@fill,'url(#g)')]' is displayed.</msg>
<status status="PASS" starttime="20220621 01:18:04.750" endtime="20220621 01:18:04.770"/>
</kw>
<status status="PASS" starttime="20220621 01:18:04.750" endtime="20220621 01:18:04.770"/>
</kw>
<kw name="Verify Text_LOGIN_Panel text display corectly" library="LoginPage">
<kw name="Get Text" library="SeleniumLibrary">
<var>${txt_LoginPanel}</var>
<arg>${Text_LOGIN_Panel}</arg>
<doc>Returns the text value of the element identified by ``locator``.</doc>
<msg timestamp="20220621 01:18:04.787" level="INFO">${txt_LoginPanel} = LOGIN Panel</msg>
<status status="PASS" starttime="20220621 01:18:04.771" endtime="20220621 01:18:04.787"/>
</kw>
<kw name="Should Be Equal" library="BuiltIn">
<arg>${txt_LoginPanel}</arg>
<arg>LOGIN Panel</arg>
<doc>Fails if the given objects are unequal.</doc>
<status status="PASS" starttime="20220621 01:18:04.787" endtime="20220621 01:18:04.787"/>
</kw>
<kw name="Get CSS Property Value" library="Common">
<var>${color_text_button}</var>
<arg>${Text_LOGIN_Panel}</arg>
<arg>color</arg>
<kw name="Get WebElement" library="SeleniumLibrary">
<var>${CSS}</var>
<arg>${locator}</arg>
<doc>Returns the first WebElement matching the given ``locator``.</doc>
<msg timestamp="20220621 01:18:04.792" level="INFO">${CSS} = &lt;selenium.webdriver.remote.webelement.WebElement (session="dc474cc6c6571e0ed28cc98cbf09d2e4", element="3f8e84f1-5b42-4445-96be-107cac440205")&gt;</msg>
<status status="PASS" starttime="20220621 01:18:04.788" endtime="20220621 01:18:04.792"/>
</kw>
<kw name="Call Method" library="BuiltIn">
<var>${prop_val}</var>
<arg>${css}</arg>
<arg>value_of_css_property</arg>
<arg>${attribute_name}</arg>
<doc>Calls the named method of the given object with the provided arguments.</doc>
<msg timestamp="20220621 01:18:04.799" level="INFO">${prop_val} = rgba(0, 0, 0, 1)</msg>
<status status="PASS" starttime="20220621 01:18:04.792" endtime="20220621 01:18:04.799"/>
</kw>
<msg timestamp="20220621 01:18:04.799" level="INFO">${color_text_button} = rgba(0, 0, 0, 1)</msg>
<status status="PASS" starttime="20220621 01:18:04.787" endtime="20220621 01:18:04.799"/>
</kw>
<kw name="Log To Console" library="BuiltIn">
<arg>${color_text_button}</arg>
<doc>Logs the given message to the console.</doc>
<status status="PASS" starttime="20220621 01:18:04.800" endtime="20220621 01:18:04.800"/>
</kw>
<kw name="Rgb To Hex" library="Convert">
<var>${convert_hex}</var>
<arg>${color_text_button}</arg>
<msg timestamp="20220621 01:18:04.800" level="INFO">rbg: 0,0,0,1</msg>
<msg timestamp="20220621 01:18:04.800" level="INFO">${convert_hex} = #000000</msg>
<status status="PASS" starttime="20220621 01:18:04.800" endtime="20220621 01:18:04.800"/>
</kw>
<kw name="Log" library="BuiltIn">
<arg>${convert_hex}</arg>
<doc>Logs the given message with the given level.</doc>
<msg timestamp="20220621 01:18:04.801" level="INFO">#000000</msg>
<status status="PASS" starttime="20220621 01:18:04.800" endtime="20220621 01:18:04.801"/>
</kw>
<kw name="Should Be Equal" library="BuiltIn">
<arg>${convert_hex}</arg>
<arg>\#000000</arg>
<doc>Fails if the given objects are unequal.</doc>
<status status="PASS" starttime="20220621 01:18:04.801" endtime="20220621 01:18:04.801"/>
</kw>
<status status="PASS" starttime="20220621 01:18:04.770" endtime="20220621 01:18:04.801"/>
</kw>
<kw name="Verify '( Username : Admin | Password : admin123 )' text display corectly" library="LoginPage">
<kw name="Get Text" library="SeleniumLibrary">
<var>${text_color}</var>
<arg>${Text_Username_Password}</arg>
<doc>Returns the text value of the element identified by ``locator``.</doc>
<msg timestamp="20220621 01:18:04.818" level="INFO">${text_color} = ( Username : Admin | Password : admin123 )</msg>
<status status="PASS" starttime="20220621 01:18:04.801" endtime="20220621 01:18:04.818"/>
</kw>
<kw name="Should Be Equal" library="BuiltIn">
<arg>${text_color}</arg>
<arg>( Username : Admin | Password : admin123 )</arg>
<doc>Fails if the given objects are unequal.</doc>
<status status="PASS" starttime="20220621 01:18:04.818" endtime="20220621 01:18:04.819"/>
</kw>
<kw name="Get Element Attribute" library="SeleniumLibrary">
<var>${color}</var>
<arg>${Text_Username_Password}</arg>
<arg>style</arg>
<doc>Returns the value of ``attribute`` from the element ``locator``.</doc>
<msg timestamp="20220621 01:18:04.832" level="INFO">${color} = color: red; font-weight: bold; z-index: 100;</msg>
<status status="PASS" starttime="20220621 01:18:04.819" endtime="20220621 01:18:04.832"/>
</kw>
<kw name="Log To Console" library="BuiltIn">
<arg>${color}</arg>
<doc>Logs the given message to the console.</doc>
<status status="PASS" starttime="20220621 01:18:04.832" endtime="20220621 01:18:04.832"/>
</kw>
<kw name="Should Contain Any" library="BuiltIn">
<arg>${color}</arg>
<arg>red</arg>
<doc>Fails if ``container`` does not contain any of the ``*items``.</doc>
<status status="PASS" starttime="20220621 01:18:04.832" endtime="20220621 01:18:04.832"/>
</kw>
<status status="PASS" starttime="20220621 01:18:04.801" endtime="20220621 01:18:04.832"/>
</kw>
<kw name="Verify username input" library="LoginPage">
<kw name="Element Should Be Visible" library="SeleniumLibrary">
<arg>${txt_UserName}</arg>
<doc>Verifies that the element identified by ``locator`` is visible.</doc>
<msg timestamp="20220621 01:18:04.847" level="INFO">Element 'id:txtUsername' is displayed.</msg>
<status status="PASS" starttime="20220621 01:18:04.833" endtime="20220621 01:18:04.847"/>
</kw>
<kw name="Element Should Be Visible" library="SeleniumLibrary">
<arg>${span_username}</arg>
<doc>Verifies that the element identified by ``locator`` is visible.</doc>
<msg timestamp="20220621 01:18:04.861" level="INFO">Element 'xpath:(//span[normalize-space()='Username'])[1]' is displayed.</msg>
<status status="PASS" starttime="20220621 01:18:04.847" endtime="20220621 01:18:04.861"/>
</kw>
<kw name="Element Should Be Visible" library="SeleniumLibrary">
<arg>${Person_Icon}</arg>
<doc>Verifies that the element identified by ``locator`` is visible.</doc>
<msg timestamp="20220621 01:18:04.877" level="INFO">Element 'xpath://*[name()='g' and contains(@fill,'gray')]' is displayed.</msg>
<status status="PASS" starttime="20220621 01:18:04.861" endtime="20220621 01:18:04.877"/>
</kw>
<kw name="Get CSS Property Value" library="Common">
<var>${color_input}</var>
<arg>${txt_UserName}</arg>
<arg>color</arg>
<kw name="Get WebElement" library="SeleniumLibrary">
<var>${CSS}</var>
<arg>${locator}</arg>
<doc>Returns the first WebElement matching the given ``locator``.</doc>
<msg timestamp="20220621 01:18:04.882" level="INFO">${CSS} = &lt;selenium.webdriver.remote.webelement.WebElement (session="dc474cc6c6571e0ed28cc98cbf09d2e4", element="8df45f66-0804-4bae-8466-5b8fbfad8919")&gt;</msg>
<status status="PASS" starttime="20220621 01:18:04.878" endtime="20220621 01:18:04.882"/>
</kw>
<kw name="Call Method" library="BuiltIn">
<var>${prop_val}</var>
<arg>${css}</arg>
<arg>value_of_css_property</arg>
<arg>${attribute_name}</arg>
<doc>Calls the named method of the given object with the provided arguments.</doc>
<msg timestamp="20220621 01:18:04.888" level="INFO">${prop_val} = rgba(102, 102, 102, 1)</msg>
<status status="PASS" starttime="20220621 01:18:04.882" endtime="20220621 01:18:04.888"/>
</kw>
<msg timestamp="20220621 01:18:04.888" level="INFO">${color_input} = rgba(102, 102, 102, 1)</msg>
<status status="PASS" starttime="20220621 01:18:04.877" endtime="20220621 01:18:04.888"/>
</kw>
<kw name="Log To Console" library="BuiltIn">
<arg>${color_input}</arg>
<doc>Logs the given message to the console.</doc>
<status status="PASS" starttime="20220621 01:18:04.888" endtime="20220621 01:18:04.888"/>
</kw>
<kw name="Rgb To Hex" library="Convert">
<var>${convert_hex}</var>
<arg>${color_input}</arg>
<msg timestamp="20220621 01:18:04.888" level="INFO">rbg: 102,102,102,1</msg>
<msg timestamp="20220621 01:18:04.888" level="INFO">${convert_hex} = #666666</msg>
<status status="PASS" starttime="20220621 01:18:04.888" endtime="20220621 01:18:04.888"/>
</kw>
<kw name="Log" library="BuiltIn">
<arg>${convert_hex}</arg>
<doc>Logs the given message with the given level.</doc>
<msg timestamp="20220621 01:18:04.889" level="INFO">#666666</msg>
<status status="PASS" starttime="20220621 01:18:04.889" endtime="20220621 01:18:04.889"/>
</kw>
<kw name="Should Be Equal" library="BuiltIn">
<arg>${convert_hex}</arg>
<arg>\#666666</arg>
<doc>Fails if the given objects are unequal.</doc>
<status status="PASS" starttime="20220621 01:18:04.889" endtime="20220621 01:18:04.889"/>
</kw>
<status status="PASS" starttime="20220621 01:18:04.833" endtime="20220621 01:18:04.889"/>
</kw>
<kw name="Verify password input" library="LoginPage">
<kw name="Element Should Be Visible" library="SeleniumLibrary">
<arg>${txt_Password}</arg>
<doc>Verifies that the element identified by ``locator`` is visible.</doc>
<msg timestamp="20220621 01:18:04.902" level="INFO">Element 'id:txtPassword' is displayed.</msg>
<status status="PASS" starttime="20220621 01:18:04.889" endtime="20220621 01:18:04.902"/>
</kw>
<kw name="Element Should Be Visible" library="SeleniumLibrary">
<arg>${span_password}</arg>
<doc>Verifies that the element identified by ``locator`` is visible.</doc>
<msg timestamp="20220621 01:18:04.916" level="INFO">Element 'xpath:(//span[normalize-space()='Password'])[1]' is displayed.</msg>
<status status="PASS" starttime="20220621 01:18:04.902" endtime="20220621 01:18:04.916"/>
</kw>
<kw name="Element Should Be Visible" library="SeleniumLibrary">
<arg>${Lock_Icon}</arg>
<doc>Verifies that the element identified by ``locator`` is visible.</doc>
<msg timestamp="20220621 01:18:04.931" level="INFO">Element 'xpath://*[name()='path' and contains(@fill,'gray')]' is displayed.</msg>
<status status="PASS" starttime="20220621 01:18:04.916" endtime="20220621 01:18:04.932"/>
</kw>
<kw name="Get CSS Property Value" library="Common">
<var>${color_input}</var>
<arg>${txt_UserName}</arg>
<arg>color</arg>
<kw name="Get WebElement" library="SeleniumLibrary">
<var>${CSS}</var>
<arg>${locator}</arg>
<doc>Returns the first WebElement matching the given ``locator``.</doc>
<msg timestamp="20220621 01:18:04.937" level="INFO">${CSS} = &lt;selenium.webdriver.remote.webelement.WebElement (session="dc474cc6c6571e0ed28cc98cbf09d2e4", element="8df45f66-0804-4bae-8466-5b8fbfad8919")&gt;</msg>
<status status="PASS" starttime="20220621 01:18:04.932" endtime="20220621 01:18:04.937"/>
</kw>
<kw name="Call Method" library="BuiltIn">
<var>${prop_val}</var>
<arg>${css}</arg>
<arg>value_of_css_property</arg>
<arg>${attribute_name}</arg>
<doc>Calls the named method of the given object with the provided arguments.</doc>
<msg timestamp="20220621 01:18:04.943" level="INFO">${prop_val} = rgba(102, 102, 102, 1)</msg>
<status status="PASS" starttime="20220621 01:18:04.937" endtime="20220621 01:18:04.943"/>
</kw>
<msg timestamp="20220621 01:18:04.943" level="INFO">${color_input} = rgba(102, 102, 102, 1)</msg>
<status status="PASS" starttime="20220621 01:18:04.932" endtime="20220621 01:18:04.943"/>
</kw>
<kw name="Log To Console" library="BuiltIn">
<arg>${color_input}</arg>
<doc>Logs the given message to the console.</doc>
<status status="PASS" starttime="20220621 01:18:04.943" endtime="20220621 01:18:04.944"/>
</kw>
<kw name="Rgb To Hex" library="Convert">
<var>${convert_hex}</var>
<arg>${color_input}</arg>
<msg timestamp="20220621 01:18:04.944" level="INFO">rbg: 102,102,102,1</msg>
<msg timestamp="20220621 01:18:04.944" level="INFO">${convert_hex} = #666666</msg>
<status status="PASS" starttime="20220621 01:18:04.944" endtime="20220621 01:18:04.944"/>
</kw>
<kw name="Log" library="BuiltIn">
<arg>${convert_hex}</arg>
<doc>Logs the given message with the given level.</doc>
<msg timestamp="20220621 01:18:04.944" level="INFO">#666666</msg>
<status status="PASS" starttime="20220621 01:18:04.944" endtime="20220621 01:18:04.945"/>
</kw>
<kw name="Should Be Equal" library="BuiltIn">
<arg>${convert_hex}</arg>
<arg>\#666666</arg>
<doc>Fails if the given objects are unequal.</doc>
<status status="PASS" starttime="20220621 01:18:04.945" endtime="20220621 01:18:04.945"/>
</kw>
<status status="PASS" starttime="20220621 01:18:04.889" endtime="20220621 01:18:04.945"/>
</kw>
<kw name="Verify login button" library="LoginPage">
<kw name="Element Should Be Visible" library="SeleniumLibrary">
<arg>${btn_login}</arg>
<doc>Verifies that the element identified by ``locator`` is visible.</doc>
<msg timestamp="20220621 01:18:04.961" level="INFO">Element 'xpath://input[@id='btnLogin']' is displayed.</msg>
<status status="PASS" starttime="20220621 01:18:04.945" endtime="20220621 01:18:04.961"/>
</kw>
<kw name="Get Value" library="SeleniumLibrary">
<var>${text_button}</var>
<arg>${btn_login}</arg>
<doc>Returns the value attribute of the element identified by ``locator``.</doc>
<msg timestamp="20220621 01:18:04.973" level="INFO">${text_button} = LOGIN</msg>
<status status="PASS" starttime="20220621 01:18:04.961" endtime="20220621 01:18:04.973"/>
</kw>
<kw name="Should Be Equal" library="BuiltIn">
<arg>${text_button}</arg>
<arg>LOGIN</arg>
<doc>Fails if the given objects are unequal.</doc>
<status status="PASS" starttime="20220621 01:18:04.974" endtime="20220621 01:18:04.974"/>
</kw>
<kw name="Get CSS Property Value" library="Common">
<var>${color_text_button}</var>
<arg>${btn_login}</arg>
<arg>color</arg>
<kw name="Get WebElement" library="SeleniumLibrary">
<var>${CSS}</var>
<arg>${locator}</arg>
<doc>Returns the first WebElement matching the given ``locator``.</doc>
<msg timestamp="20220621 01:18:04.979" level="INFO">${CSS} = &lt;selenium.webdriver.remote.webelement.WebElement (session="dc474cc6c6571e0ed28cc98cbf09d2e4", element="42b67242-5ccd-449b-bf22-ddbc803989db")&gt;</msg>
<status status="PASS" starttime="20220621 01:18:04.974" endtime="20220621 01:18:04.979"/>
</kw>
<kw name="Call Method" library="BuiltIn">
<var>${prop_val}</var>
<arg>${css}</arg>
<arg>value_of_css_property</arg>
<arg>${attribute_name}</arg>
<doc>Calls the named method of the given object with the provided arguments.</doc>
<msg timestamp="20220621 01:18:04.986" level="INFO">${prop_val} = rgba(255, 255, 255, 1)</msg>
<status status="PASS" starttime="20220621 01:18:04.979" endtime="20220621 01:18:04.986"/>
</kw>
<msg timestamp="20220621 01:18:04.986" level="INFO">${color_text_button} = rgba(255, 255, 255, 1)</msg>
<status status="PASS" starttime="20220621 01:18:04.974" endtime="20220621 01:18:04.986"/>
</kw>
<kw name="Log To Console" library="BuiltIn">
<arg>${color_text_button}</arg>
<doc>Logs the given message to the console.</doc>
<status status="PASS" starttime="20220621 01:18:04.986" endtime="20220621 01:18:04.986"/>
</kw>
<kw name="Rgb To Hex" library="Convert">
<var>${convert_hex}</var>
<arg>${color_text_button}</arg>
<msg timestamp="20220621 01:18:04.987" level="INFO">rbg: 255,255,255,1</msg>
<msg timestamp="20220621 01:18:04.987" level="INFO">${convert_hex} = #ffffff</msg>
<status status="PASS" starttime="20220621 01:18:04.987" endtime="20220621 01:18:04.987"/>
</kw>
<kw name="Log" library="BuiltIn">
<arg>${convert_hex}</arg>
<doc>Logs the given message with the given level.</doc>
<msg timestamp="20220621 01:18:04.987" level="INFO">#ffffff</msg>
<status status="PASS" starttime="20220621 01:18:04.987" endtime="20220621 01:18:04.987"/>
</kw>
<kw name="Should Be Equal" library="BuiltIn">
<arg>${convert_hex}</arg>
<arg>\#ffffff</arg>
<doc>Fails if the given objects are unequal.</doc>
<status status="PASS" starttime="20220621 01:18:04.987" endtime="20220621 01:18:04.987"/>
</kw>
<status status="PASS" starttime="20220621 01:18:04.945" endtime="20220621 01:18:04.988"/>
</kw>
<kw name="Verify 'forgot password' link" library="LoginPage">
<kw name="Get Text" library="SeleniumLibrary">
<var>${text_link}</var>
<arg>${Forgot_your_password}</arg>
<doc>Returns the text value of the element identified by ``locator``.</doc>
<msg timestamp="20220621 01:18:05.004" level="INFO">${text_link} = Forgot your password?</msg>
<status status="PASS" starttime="20220621 01:18:04.988" endtime="20220621 01:18:05.004"/>
</kw>
<kw name="Should Be Equal" library="BuiltIn">
<arg>${text_link}</arg>
<arg>Forgot your password?</arg>
<doc>Fails if the given objects are unequal.</doc>
<status status="PASS" starttime="20220621 01:18:05.004" endtime="20220621 01:18:05.004"/>
</kw>
<kw name="Get CSS Property Value" library="Common">
<var>${underline_link}</var>
<arg>${Forgot_your_password}</arg>
<arg>text-decoration</arg>
<kw name="Get WebElement" library="SeleniumLibrary">
<var>${CSS}</var>
<arg>${locator}</arg>
<doc>Returns the first WebElement matching the given ``locator``.</doc>
<msg timestamp="20220621 01:18:05.010" level="INFO">${CSS} = &lt;selenium.webdriver.remote.webelement.WebElement (session="dc474cc6c6571e0ed28cc98cbf09d2e4", element="03836115-d400-4262-b35a-c76d3f01ce20")&gt;</msg>
<status status="PASS" starttime="20220621 01:18:05.005" endtime="20220621 01:18:05.010"/>
</kw>
<kw name="Call Method" library="BuiltIn">
<var>${prop_val}</var>
<arg>${css}</arg>
<arg>value_of_css_property</arg>
<arg>${attribute_name}</arg>
<doc>Calls the named method of the given object with the provided arguments.</doc>
<msg timestamp="20220621 01:18:05.019" level="INFO">${prop_val} = underline solid rgb(93, 93, 93)</msg>
<status status="PASS" starttime="20220621 01:18:05.011" endtime="20220621 01:18:05.019"/>
</kw>
<msg timestamp="20220621 01:18:05.019" level="INFO">${underline_link} = underline solid rgb(93, 93, 93)</msg>
<status status="PASS" starttime="20220621 01:18:05.004" endtime="20220621 01:18:05.019"/>
</kw>
<kw name="Log To Console" library="BuiltIn">
<arg>${underline_link}</arg>
<doc>Logs the given message to the console.</doc>
<status status="PASS" starttime="20220621 01:18:05.020" endtime="20220621 01:18:05.020"/>
</kw>
<kw name="Should Contain" library="BuiltIn">
<arg>${underline_link}</arg>
<arg>underline</arg>
<doc>Fails if ``container`` does not contain ``item`` one or more times.</doc>
<status status="PASS" starttime="20220621 01:18:05.020" endtime="20220621 01:18:05.021"/>
</kw>
<kw name="Get CSS Property Value" library="Common">
<var>${color_text_link}</var>
<arg>${Forgot_your_password}</arg>
<arg>color</arg>
<kw name="Get WebElement" library="SeleniumLibrary">
<var>${CSS}</var>
<arg>${locator}</arg>
<doc>Returns the first WebElement matching the given ``locator``.</doc>
<msg timestamp="20220621 01:18:05.027" level="INFO">${CSS} = &lt;selenium.webdriver.remote.webelement.WebElement (session="dc474cc6c6571e0ed28cc98cbf09d2e4", element="03836115-d400-4262-b35a-c76d3f01ce20")&gt;</msg>
<status status="PASS" starttime="20220621 01:18:05.021" endtime="20220621 01:18:05.028"/>
</kw>
<kw name="Call Method" library="BuiltIn">
<var>${prop_val}</var>
<arg>${css}</arg>
<arg>value_of_css_property</arg>
<arg>${attribute_name}</arg>
<doc>Calls the named method of the given object with the provided arguments.</doc>
<msg timestamp="20220621 01:18:05.034" level="INFO">${prop_val} = rgba(93, 93, 93, 1)</msg>
<status status="PASS" starttime="20220621 01:18:05.028" endtime="20220621 01:18:05.034"/>
</kw>
<msg timestamp="20220621 01:18:05.034" level="INFO">${color_text_link} = rgba(93, 93, 93, 1)</msg>
<status status="PASS" starttime="20220621 01:18:05.021" endtime="20220621 01:18:05.034"/>
</kw>
<kw name="Log To Console" library="BuiltIn">
<arg>${color_text_link}</arg>
<doc>Logs the given message to the console.</doc>
<status status="PASS" starttime="20220621 01:18:05.034" endtime="20220621 01:18:05.034"/>
</kw>
<kw name="Rgb To Hex" library="Convert">
<var>${convert_hex}</var>
<arg>${color_text_link}</arg>
<msg timestamp="20220621 01:18:05.035" level="INFO">rbg: 93,93,93,1</msg>
<msg timestamp="20220621 01:18:05.035" level="INFO">${convert_hex} = #5d5d5d</msg>
<status status="PASS" starttime="20220621 01:18:05.035" endtime="20220621 01:18:05.035"/>
</kw>
<kw name="Log" library="BuiltIn">
<arg>${convert_hex}</arg>
<doc>Logs the given message with the given level.</doc>
<msg timestamp="20220621 01:18:05.035" level="INFO">#5d5d5d</msg>
<status status="PASS" starttime="20220621 01:18:05.035" endtime="20220621 01:18:05.035"/>
</kw>
<kw name="Should Be Equal" library="BuiltIn">
<arg>${convert_hex}</arg>
<arg>\#5d5d5d</arg>
<doc>Fails if the given objects are unequal.</doc>
<status status="PASS" starttime="20220621 01:18:05.035" endtime="20220621 01:18:05.035"/>
</kw>
<status status="PASS" starttime="20220621 01:18:04.988" endtime="20220621 01:18:05.035"/>
</kw>
<kw name="Click on the username input and click outside the username input" library="LoginPage">
<kw name="Click Element" library="SeleniumLibrary">
<arg>${txt_UserName}</arg>
<doc>Click the element identified by ``locator``.</doc>
<msg timestamp="20220621 01:18:05.036" level="INFO">Clicking element 'id:txtUsername'.</msg>
<status status="PASS" starttime="20220621 01:18:05.036" endtime="20220621 01:18:05.070"/>
</kw>
<kw name="Element Should Not Be Visible" library="SeleniumLibrary">
<arg>${span_username}</arg>
<doc>Verifies that the element identified by ``locator`` is NOT visible.</doc>
<msg timestamp="20220621 01:18:05.084" level="INFO">Element 'xpath:(//span[normalize-space()='Username'])[1]' exists but is not displayed.</msg>
<status status="PASS" starttime="20220621 01:18:05.070" endtime="20220621 01:18:05.084"/>
</kw>
<kw name="Click Element" library="SeleniumLibrary">
<arg>${Div_Login}</arg>
<doc>Click the element identified by ``locator``.</doc>
<msg timestamp="20220621 01:18:05.085" level="INFO">Clicking element '//div[@id='divLogin']'.</msg>
<status status="PASS" starttime="20220621 01:18:05.085" endtime="20220621 01:18:05.114"/>
</kw>
<status status="PASS" starttime="20220621 01:18:05.036" endtime="20220621 01:18:05.114"/>
</kw>
<kw name="Click on the password input and click outside the password input" library="LoginPage">
<kw name="Click Element" library="SeleniumLibrary">
<arg>${txt_Password}</arg>
<doc>Click the element identified by ``locator``.</doc>
<msg timestamp="20220621 01:18:05.115" level="INFO">Clicking element 'id:txtPassword'.</msg>
<status status="PASS" starttime="20220621 01:18:05.114" endtime="20220621 01:18:05.147"/>
</kw>
<kw name="Element Should Not Be Visible" library="SeleniumLibrary">
<arg>${span_password}</arg>
<doc>Verifies that the element identified by ``locator`` is NOT visible.</doc>
<msg timestamp="20220621 01:18:05.160" level="INFO">Element 'xpath:(//span[normalize-space()='Password'])[1]' exists but is not displayed.</msg>
<status status="PASS" starttime="20220621 01:18:05.147" endtime="20220621 01:18:05.160"/>
</kw>
<kw name="Sleep" library="BuiltIn">
<arg>10s</arg>
<doc>Pauses the test executed for the given time.</doc>
<msg timestamp="20220621 01:18:15.165" level="INFO">Slept 10 seconds</msg>
<status status="PASS" starttime="20220621 01:18:05.160" endtime="20220621 01:18:15.165"/>
</kw>
<kw name="Click Element" library="SeleniumLibrary">
<arg>${Div_Login}</arg>
<doc>Click the element identified by ``locator``.</doc>
<msg timestamp="20220621 01:18:15.167" level="INFO">Clicking element '//div[@id='divLogin']'.</msg>
<status status="PASS" starttime="20220621 01:18:15.166" endtime="20220621 01:18:15.215"/>
</kw>
<status status="PASS" starttime="20220621 01:18:05.114" endtime="20220621 01:18:15.215"/>
</kw>
<kw name="Close my browser" library="LoginPage" type="TEARDOWN">
<kw name="Sleep" library="BuiltIn">
<arg>10</arg>
<doc>Pauses the test executed for the given time.</doc>
<msg timestamp="20220621 01:18:25.226" level="INFO">Slept 10 seconds</msg>
<status status="PASS" starttime="20220621 01:18:15.217" endtime="20220621 01:18:25.226"/>
</kw>
<kw name="Close Browser" library="SeleniumLibrary">
<doc>Closes the current browser.</doc>
<status status="PASS" starttime="20220621 01:18:25.227" endtime="20220621 01:18:27.462"/>
</kw>
<status status="PASS" starttime="20220621 01:18:15.217" endtime="20220621 01:18:27.463"/>
</kw>
<status status="PASS" starttime="20220621 01:17:45.597" endtime="20220621 01:18:27.464"/>
</test>
<test id="s1-t3" name="HO-44-1: Verify 'username' input" line="27">
<kw name="Open my browser" library="LoginPage" type="SETUP">
<arg>${URL}</arg>
<arg>${Browser}</arg>
<kw name="Open Browser" library="SeleniumLibrary">
<arg>${URL}</arg>
<arg>${Browser}</arg>
<doc>Opens a new browser instance to the optional ``url``.</doc>
<msg timestamp="20220621 01:18:27.472" level="INFO">Opening browser 'Edge' to base url 'https://opensource-demo.orangehrmlive.com/'.</msg>
<status status="PASS" starttime="20220621 01:18:27.471" endtime="20220621 01:18:31.706"/>
</kw>
<kw name="Sleep" library="BuiltIn">
<arg>15</arg>
<doc>Pauses the test executed for the given time.</doc>
<msg timestamp="20220621 01:18:46.712" level="INFO">Slept 15 seconds</msg>
<status status="PASS" starttime="20220621 01:18:31.706" endtime="20220621 01:18:46.712"/>
</kw>
<status status="PASS" starttime="20220621 01:18:27.469" endtime="20220621 01:18:46.712"/>
</kw>
<kw name="Click on the username input and click outside the username input" library="LoginPage">
<kw name="Click Element" library="SeleniumLibrary">
<arg>${txt_UserName}</arg>
<doc>Click the element identified by ``locator``.</doc>
<msg timestamp="20220621 01:18:46.714" level="INFO">Clicking element 'id:txtUsername'.</msg>
<status status="PASS" starttime="20220621 01:18:46.713" endtime="20220621 01:18:46.761"/>
</kw>
<kw name="Element Should Not Be Visible" library="SeleniumLibrary">
<arg>${span_username}</arg>
<doc>Verifies that the element identified by ``locator`` is NOT visible.</doc>
<msg timestamp="20220621 01:18:46.781" level="INFO">Element 'xpath:(//span[normalize-space()='Username'])[1]' exists but is not displayed.</msg>
<status status="PASS" starttime="20220621 01:18:46.761" endtime="20220621 01:18:46.781"/>
</kw>
<kw name="Click Element" library="SeleniumLibrary">
<arg>${Div_Login}</arg>
<doc>Click the element identified by ``locator``.</doc>
<msg timestamp="20220621 01:18:46.781" level="INFO">Clicking element '//div[@id='divLogin']'.</msg>
<status status="PASS" starttime="20220621 01:18:46.781" endtime="20220621 01:18:46.819"/>
</kw>
<status status="PASS" starttime="20220621 01:18:46.713" endtime="20220621 01:18:46.820"/>
</kw>
<kw name="Enter the value of username input" library="LoginPage">
<kw name="Input Text" library="SeleniumLibrary">
<arg>${txt_UserName}</arg>
<arg>Admin</arg>
<doc>Types the given ``text`` into the text field identified by ``locator``.</doc>
<msg timestamp="20220621 01:18:46.822" level="INFO">Typing text 'Admin' into text field 'id:txtUsername'.</msg>
<status status="PASS" starttime="20220621 01:18:46.821" endtime="20220621 01:18:47.285"/>
</kw>
<kw name="Sleep" library="BuiltIn">
<arg>10s</arg>
<doc>Pauses the test executed for the given time.</doc>
<msg timestamp="20220621 01:18:57.287" level="INFO">Slept 10 seconds</msg>
<status status="PASS" starttime="20220621 01:18:47.285" endtime="20220621 01:18:57.287"/>
</kw>
<kw name="Textfield Value Should Be" library="SeleniumLibrary">
<arg>${txt_UserName}</arg>
<arg>Admin</arg>
<doc>Verifies text field ``locator`` has exactly text ``expected``.</doc>
<msg timestamp="20220621 01:18:57.335" level="INFO">Content of text field 'id:txtUsername' is 'Admin'.</msg>
<status status="PASS" starttime="20220621 01:18:57.288" endtime="20220621 01:18:57.335"/>
</kw>
<kw name="Textfield Value Should Be" library="SeleniumLibrary">
<arg>${txt_Password}</arg>
<arg>${EMPTY}</arg>
<doc>Verifies text field ``locator`` has exactly text ``expected``.</doc>
<msg timestamp="20220621 01:18:57.359" level="INFO">Content of text field 'id:txtPassword' is ''.</msg>
<status status="PASS" starttime="20220621 01:18:57.335" endtime="20220621 01:18:57.359"/>
</kw>
<status status="PASS" starttime="20220621 01:18:46.820" endtime="20220621 01:18:57.359"/>
</kw>
<kw name="Delete entered data in username input and click outside the username input" library="LoginPage">
<kw name="Clear Element Text" library="SeleniumLibrary">
<arg>${txt_UserName}</arg>
<doc>Clears the value of the text-input-element identified by ``locator``.</doc>
<status status="PASS" starttime="20220621 01:18:57.360" endtime="20220621 01:18:57.377"/>
</kw>
<kw name="Click All Elements" library="Common">
<arg>${Div_Login}</arg>
<kw name="Click Element" library="SeleniumLibrary">
<arg>${locator}</arg>
<doc>Click the element identified by ``locator``.</doc>
<msg timestamp="20220621 01:18:57.378" level="INFO">Clicking element '//div[@id='divLogin']'.</msg>
<status status="PASS" starttime="20220621 01:18:57.378" endtime="20220621 01:18:57.394"/>
</kw>
<status status="PASS" starttime="20220621 01:18:57.377" endtime="20220621 01:18:57.394"/>
</kw>
<status status="PASS" starttime="20220621 01:18:57.360" endtime="20220621 01:18:57.394"/>
</kw>
<kw name="Close my browser" library="LoginPage" type="TEARDOWN">
<kw name="Sleep" library="BuiltIn">
<arg>10</arg>
<doc>Pauses the test executed for the given time.</doc>
<msg timestamp="20220621 01:19:07.398" level="INFO">Slept 10 seconds</msg>
<status status="PASS" starttime="20220621 01:18:57.394" endtime="20220621 01:19:07.398"/>
</kw>
<kw name="Close Browser" library="SeleniumLibrary">
<doc>Closes the current browser.</doc>
<status status="PASS" starttime="20220621 01:19:07.398" endtime="20220621 01:19:09.625"/>
</kw>
<status status="PASS" starttime="20220621 01:18:57.394" endtime="20220621 01:19:09.626"/>
</kw>
<status status="PASS" starttime="20220621 01:18:27.467" endtime="20220621 01:19:09.627"/>
</test>
<test id="s1-t4" name="HO-44-2: Verify 'password' input" line="32">
<kw name="Open my browser" library="LoginPage" type="SETUP">
<arg>${URL}</arg>
<arg>${Browser}</arg>
<kw name="Open Browser" library="SeleniumLibrary">
<arg>${URL}</arg>
<arg>${Browser}</arg>
<doc>Opens a new browser instance to the optional ``url``.</doc>
<msg timestamp="20220621 01:19:09.635" level="INFO">Opening browser 'Edge' to base url 'https://opensource-demo.orangehrmlive.com/'.</msg>
<status status="PASS" starttime="20220621 01:19:09.634" endtime="20220621 01:19:15.155"/>
</kw>
<kw name="Sleep" library="BuiltIn">
<arg>15</arg>
<doc>Pauses the test executed for the given time.</doc>
<msg timestamp="20220621 01:19:30.162" level="INFO">Slept 15 seconds</msg>
<status status="PASS" starttime="20220621 01:19:15.155" endtime="20220621 01:19:30.162"/>
</kw>
<status status="PASS" starttime="20220621 01:19:09.632" endtime="20220621 01:19:30.162"/>
</kw>
<kw name="Click on the password input and click outside the password input" library="LoginPage">
<kw name="Click Element" library="SeleniumLibrary">
<arg>${txt_Password}</arg>
<doc>Click the element identified by ``locator``.</doc>
<msg timestamp="20220621 01:19:30.163" level="INFO">Clicking element 'id:txtPassword'.</msg>
<status status="PASS" starttime="20220621 01:19:30.163" endtime="20220621 01:19:30.205"/>
</kw>
<kw name="Element Should Not Be Visible" library="SeleniumLibrary">
<arg>${span_password}</arg>
<doc>Verifies that the element identified by ``locator`` is NOT visible.</doc>
<msg timestamp="20220621 01:19:30.221" level="INFO">Element 'xpath:(//span[normalize-space()='Password'])[1]' exists but is not displayed.</msg>
<status status="PASS" starttime="20220621 01:19:30.205" endtime="20220621 01:19:30.221"/>
</kw>
<kw name="Sleep" library="BuiltIn">
<arg>10s</arg>
<doc>Pauses the test executed for the given time.</doc>
<msg timestamp="20220621 01:19:40.226" level="INFO">Slept 10 seconds</msg>
<status status="PASS" starttime="20220621 01:19:30.221" endtime="20220621 01:19:40.226"/>
</kw>
<kw name="Click Element" library="SeleniumLibrary">
<arg>${Div_Login}</arg>
<doc>Click the element identified by ``locator``.</doc>
<msg timestamp="20220621 01:19:40.226" level="INFO">Clicking element '//div[@id='divLogin']'.</msg>
<status status="PASS" starttime="20220621 01:19:40.226" endtime="20220621 01:19:40.253"/>
</kw>
<status status="PASS" starttime="20220621 01:19:30.163" endtime="20220621 01:19:40.253"/>
</kw>
<kw name="Enter the value of password input" library="LoginPage">
<kw name="Input Password" library="SeleniumLibrary">
<arg>${txt_Password}</arg>
<arg>admin123</arg>
<doc>Types the given password into the text field identified by ``locator``.</doc>
<msg timestamp="20220621 01:19:40.254" level="INFO">Typing password into text field 'id:txtPassword'.</msg>
<msg timestamp="20220621 01:19:40.271" level="INFO">Temporally setting log level to: NONE</msg>
<msg timestamp="20220621 01:19:40.297" level="INFO">Log level changed from NONE to INFO.</msg>
<status status="PASS" starttime="20220621 01:19:40.253" endtime="20220621 01:19:40.298"/>
</kw>
<kw name="Sleep" library="BuiltIn">
<arg>10s</arg>
<doc>Pauses the test executed for the given time.</doc>
<msg timestamp="20220621 01:19:50.303" level="INFO">Slept 10 seconds</msg>
<status status="PASS" starttime="20220621 01:19:40.298" endtime="20220621 01:19:50.303"/>
</kw>
<kw name="Textfield Value Should Be" library="SeleniumLibrary">
<arg>${txt_Password}</arg>
<arg>admin123</arg>
<doc>Verifies text field ``locator`` has exactly text ``expected``.</doc>
<msg timestamp="20220621 01:19:50.369" level="INFO">Content of text field 'id:txtPassword' is 'admin123'.</msg>
<status status="PASS" starttime="20220621 01:19:50.304" endtime="20220621 01:19:50.369"/>
</kw>
<kw name="Textfield Value Should Be" library="SeleniumLibrary">
<arg>${txt_UserName}</arg>
<arg>${EMPTY}</arg>
<doc>Verifies text field ``locator`` has exactly text ``expected``.</doc>
<msg timestamp="20220621 01:19:50.390" level="INFO">Content of text field 'id:txtUsername' is ''.</msg>
<status status="PASS" starttime="20220621 01:19:50.369" endtime="20220621 01:19:50.390"/>
</kw>
<status status="PASS" starttime="20220621 01:19:40.253" endtime="20220621 01:19:50.390"/>
</kw>
<kw name="Delete entered data in password input and click outside the password input" library="LoginPage">
<kw name="Clear Element Text" library="SeleniumLibrary">
<arg>${txt_Password}</arg>
<doc>Clears the value of the text-input-element identified by ``locator``.</doc>
<status status="PASS" starttime="20220621 01:19:50.391" endtime="20220621 01:19:50.407"/>
</kw>
<kw name="Click Element" library="SeleniumLibrary">
<arg>${Div_Login}</arg>
<doc>Click the element identified by ``locator``.</doc>
<msg timestamp="20220621 01:19:50.407" level="INFO">Clicking element '//div[@id='divLogin']'.</msg>
<status status="PASS" starttime="20220621 01:19:50.407" endtime="20220621 01:19:50.423"/>
</kw>
<status status="PASS" starttime="20220621 01:19:50.391" endtime="20220621 01:19:50.424"/>
</kw>
<kw name="Close my browser" library="LoginPage" type="TEARDOWN">
<kw name="Sleep" library="BuiltIn">
<arg>10</arg>
<doc>Pauses the test executed for the given time.</doc>
<msg timestamp="20220621 01:20:00.431" level="INFO">Slept 10 seconds</msg>
<status status="PASS" starttime="20220621 01:19:50.424" endtime="20220621 01:20:00.431"/>
</kw>
<kw name="Close Browser" library="SeleniumLibrary">
<doc>Closes the current browser.</doc>
<status status="PASS" starttime="20220621 01:20:00.431" endtime="20220621 01:20:02.588"/>
</kw>
<status status="PASS" starttime="20220621 01:19:50.424" endtime="20220621 01:20:02.588"/>
</kw>
<status status="PASS" starttime="20220621 01:19:09.631" endtime="20220621 01:20:02.589"/>
</test>
<test id="s1-t5" name="HO-45: Verify that all links at the body of page can be clickable" line="37">
<kw name="Open my browser" library="LoginPage" type="SETUP">
<arg>${URL}</arg>
<arg>${Browser}</arg>
<kw name="Open Browser" library="SeleniumLibrary">
<arg>${URL}</arg>
<arg>${Browser}</arg>
<doc>Opens a new browser instance to the optional ``url``.</doc>
<msg timestamp="20220621 01:20:02.593" level="INFO">Opening browser 'Edge' to base url 'https://opensource-demo.orangehrmlive.com/'.</msg>
<status status="PASS" starttime="20220621 01:20:02.593" endtime="20220621 01:20:06.797"/>
</kw>
<kw name="Sleep" library="BuiltIn">
<arg>15</arg>
<doc>Pauses the test executed for the given time.</doc>
<msg timestamp="20220621 01:20:21.807" level="INFO">Slept 15 seconds</msg>
<status status="PASS" starttime="20220621 01:20:06.797" endtime="20220621 01:20:21.807"/>
</kw>
<status status="PASS" starttime="20220621 01:20:02.592" endtime="20220621 01:20:21.807"/>
</kw>
<kw name="Click on the 'Forgot your password' link" library="LoginPage">
<kw name="Click Link" library="SeleniumLibrary">
<arg>${Forgot_your_password}</arg>
<doc>Clicks a link identified by ``locator``.</doc>
<msg timestamp="20220621 01:20:21.808" level="INFO">Clicking link 'xpath://a[contains(text(),'Forgot your password?')]'.</msg>
<status status="PASS" starttime="20220621 01:20:21.808" endtime="20220621 01:20:22.672"/>
</kw>
<status status="PASS" starttime="20220621 01:20:21.807" endtime="20220621 01:20:22.672"/>
</kw>
<kw name="Close my browser" library="LoginPage" type="TEARDOWN">
<kw name="Sleep" library="BuiltIn">
<arg>10</arg>
<doc>Pauses the test executed for the given time.</doc>
<msg timestamp="20220621 01:20:32.681" level="INFO">Slept 10 seconds</msg>
<status status="PASS" starttime="20220621 01:20:22.673" endtime="20220621 01:20:32.681"/>
</kw>
<kw name="Close Browser" library="SeleniumLibrary">
<doc>Closes the current browser.</doc>
<status status="PASS" starttime="20220621 01:20:32.682" endtime="20220621 01:20:34.919"/>
</kw>
<status status="PASS" starttime="20220621 01:20:22.673" endtime="20220621 01:20:34.919"/>
</kw>
<status status="PASS" starttime="20220621 01:20:02.591" endtime="20220621 01:20:34.919"/>
</test>
<test id="s1-t6" name="HO-46: Verify that all the items at the footer section display corectly" line="40">
<kw name="Open my browser" library="LoginPage" type="SETUP">
<arg>${URL}</arg>
<arg>${Browser}</arg>
<kw name="Open Browser" library="SeleniumLibrary">
<arg>${URL}</arg>
<arg>${Browser}</arg>
<doc>Opens a new browser instance to the optional ``url``.</doc>
<msg timestamp="20220621 01:20:34.921" level="INFO">Opening browser 'Edge' to base url 'https://opensource-demo.orangehrmlive.com/'.</msg>
<status status="PASS" starttime="20220621 01:20:34.921" endtime="20220621 01:20:38.757"/>
</kw>
<kw name="Sleep" library="BuiltIn">
<arg>15</arg>
<doc>Pauses the test executed for the given time.</doc>
<msg timestamp="20220621 01:20:53.773" level="INFO">Slept 15 seconds</msg>
<status status="PASS" starttime="20220621 01:20:38.758" endtime="20220621 01:20:53.773"/>
</kw>
<status status="PASS" starttime="20220621 01:20:34.921" endtime="20220621 01:20:53.773"/>
</kw>
<kw name="Verify 'OrangeHRM 4.10.1 © 2005 - 2022 OrangeHRM, Inc. All rights reserved.' text" library="LoginPage">
<kw name="Element Should Be Visible" library="SeleniumLibrary">
<arg>${text_footer}</arg>
<doc>Verifies that the element identified by ``locator`` is visible.</doc>
<msg timestamp="20220621 01:20:53.791" level="INFO">Element 'xpath://body/div[@id='wrapper']/div[@id='content']/div[@id='footer']/div[1]' is displayed.</msg>
<status status="PASS" starttime="20220621 01:20:53.773" endtime="20220621 01:20:53.791"/>
</kw>
<kw name="Get CSS Property Value" library="Common">
<var>${color_text_footer}</var>
<arg>${text_footer}</arg>
<arg>color</arg>
<kw name="Get WebElement" library="SeleniumLibrary">
<var>${CSS}</var>
<arg>${locator}</arg>
<doc>Returns the first WebElement matching the given ``locator``.</doc>
<msg timestamp="20220621 01:20:53.796" level="INFO">${CSS} = &lt;selenium.webdriver.remote.webelement.WebElement (session="dae1e45761e9da9b41727720b98d01ff", element="a2fd457d-d5a6-4a03-9f5c-55fa7432285a")&gt;</msg>
<status status="PASS" starttime="20220621 01:20:53.792" endtime="20220621 01:20:53.797"/>
</kw>
<kw name="Call Method" library="BuiltIn">
<var>${prop_val}</var>
<arg>${css}</arg>
<arg>value_of_css_property</arg>
<arg>${attribute_name}</arg>
<doc>Calls the named method of the given object with the provided arguments.</doc>
<msg timestamp="20220621 01:20:53.802" level="INFO">${prop_val} = rgba(119, 119, 119, 1)</msg>
<status status="PASS" starttime="20220621 01:20:53.797" endtime="20220621 01:20:53.802"/>
</kw>
<msg timestamp="20220621 01:20:53.803" level="INFO">${color_text_footer} = rgba(119, 119, 119, 1)</msg>
<status status="PASS" starttime="20220621 01:20:53.791" endtime="20220621 01:20:53.803"/>
</kw>
<kw name="Log To Console" library="BuiltIn">
<arg>${color_text_footer}</arg>
<doc>Logs the given message to the console.</doc>
<status status="PASS" starttime="20220621 01:20:53.803" endtime="20220621 01:20:53.803"/>
</kw>
<kw name="Rgb To Hex" library="Convert">
<var>${convert_hex}</var>
<arg>${color_text_footer}</arg>
<msg timestamp="20220621 01:20:53.803" level="INFO">rbg: 119,119,119,1</msg>
<msg timestamp="20220621 01:20:53.803" level="INFO">${convert_hex} = #777777</msg>
<status status="PASS" starttime="20220621 01:20:53.803" endtime="20220621 01:20:53.803"/>
</kw>
<kw name="Log" library="BuiltIn">
<arg>${convert_hex}</arg>
<doc>Logs the given message with the given level.</doc>
<msg timestamp="20220621 01:20:53.803" level="INFO">#777777</msg>
<status status="PASS" starttime="20220621 01:20:53.803" endtime="20220621 01:20:53.804"/>
</kw>
<kw name="Should Contain Any" library="BuiltIn">
<arg>${convert_hex}</arg>
<arg>\#777</arg>
<doc>Fails if ``container`` does not contain any of the ``*items``.</doc>
<status status="PASS" starttime="20220621 01:20:53.804" endtime="20220621 01:20:53.804"/>
</kw>
<kw name="Element Should Be Visible" library="SeleniumLibrary">
<arg>${OrangeHRM_Inc}</arg>
<doc>Verifies that the element identified by ``locator`` is visible.</doc>
<msg timestamp="20220621 01:20:53.820" level="INFO">Element 'xpath://a[contains(text(),'OrangeHRM, Inc')]' is displayed.</msg>
<status status="PASS" starttime="20220621 01:20:53.804" endtime="20220621 01:20:53.820"/>
</kw>
<kw name="Get CSS Property Value" library="Common">
<var>${underline}</var>
<arg>${OrangeHRM_Inc}</arg>
<arg>text-decoration</arg>
<kw name="Get WebElement" library="SeleniumLibrary">
<var>${CSS}</var>
<arg>${locator}</arg>
<doc>Returns the first WebElement matching the given ``locator``.</doc>
<msg timestamp="20220621 01:20:53.824" level="INFO">${CSS} = &lt;selenium.webdriver.remote.webelement.WebElement (session="dae1e45761e9da9b41727720b98d01ff", element="570d5bb5-5748-4929-acbf-1e21f173fdfe")&gt;</msg>
<status status="PASS" starttime="20220621 01:20:53.820" endtime="20220621 01:20:53.824"/>
</kw>
<kw name="Call Method" library="BuiltIn">
<var>${prop_val}</var>
<arg>${css}</arg>
<arg>value_of_css_property</arg>
<arg>${attribute_name}</arg>
<doc>Calls the named method of the given object with the provided arguments.</doc>
<msg timestamp="20220621 01:20:53.829" level="INFO">${prop_val} = underline solid rgb(93, 93, 93)</msg>
<status status="PASS" starttime="20220621 01:20:53.824" endtime="20220621 01:20:53.829"/>
</kw>
<msg timestamp="20220621 01:20:53.830" level="INFO">${underline} = underline solid rgb(93, 93, 93)</msg>
<status status="PASS" starttime="20220621 01:20:53.820" endtime="20220621 01:20:53.830"/>
</kw>
<kw name="Should Contain" library="BuiltIn">
<arg>${underline}</arg>
<arg>underline</arg>
<doc>Fails if ``container`` does not contain ``item`` one or more times.</doc>
<status status="PASS" starttime="20220621 01:20:53.830" endtime="20220621 01:20:53.830"/>
</kw>
<kw name="Sleep" library="BuiltIn">
<arg>10s</arg>
<doc>Pauses the test executed for the given time.</doc>
<msg timestamp="20220621 01:21:03.831" level="INFO">Slept 10 seconds</msg>
<status status="PASS" starttime="20220621 01:20:53.830" endtime="20220621 01:21:03.831"/>
</kw>
<kw name="Element Should Be Visible" library="SeleniumLibrary">
<arg>${Link_Icon}</arg>
<doc>Verifies that the element identified by ``locator`` is visible.</doc>
<msg timestamp="20220621 01:21:03.856" level="INFO">Element 'xpath://img[@alt='LinkedIn OrangeHRM group']' is displayed.</msg>
<status status="PASS" starttime="20220621 01:21:03.831" endtime="20220621 01:21:03.856"/>
</kw>
<kw name="Element Should Be Visible" library="SeleniumLibrary">
<arg>${Facebook_Icon}</arg>
<doc>Verifies that the element identified by ``locator`` is visible.</doc>
<msg timestamp="20220621 01:21:03.869" level="INFO">Element 'xpath://img[@alt='OrangeHRM on Facebook']' is displayed.</msg>
<status status="PASS" starttime="20220621 01:21:03.857" endtime="20220621 01:21:03.869"/>
</kw>
<kw name="Element Should Be Visible" library="SeleniumLibrary">
<arg>${Twitter_Icon}</arg>
<doc>Verifies that the element identified by ``locator`` is visible.</doc>
<msg timestamp="20220621 01:21:03.881" level="INFO">Element 'xpath://img[@alt='OrangeHRM on twitter']' is displayed.</msg>
<status status="PASS" starttime="20220621 01:21:03.869" endtime="20220621 01:21:03.882"/>
</kw>
<kw name="Element Should Be Visible" library="SeleniumLibrary">
<arg>${Youtube_Icon}</arg>
<doc>Verifies that the element identified by ``locator`` is visible.</doc>
<msg timestamp="20220621 01:21:03.895" level="INFO">Element 'xpath://img[@alt='OrangeHRM on youtube']' is displayed.</msg>
<status status="PASS" starttime="20220621 01:21:03.882" endtime="20220621 01:21:03.895"/>
</kw>
<status status="PASS" starttime="20220621 01:20:53.773" endtime="20220621 01:21:03.895"/>
</kw>
<kw name="Close my browser" library="LoginPage" type="TEARDOWN">
<kw name="Sleep" library="BuiltIn">
<arg>10</arg>
<doc>Pauses the test executed for the given time.</doc>
<msg timestamp="20220621 01:21:13.901" level="INFO">Slept 10 seconds</msg>
<status status="PASS" starttime="20220621 01:21:03.896" endtime="20220621 01:21:13.901"/>
</kw>
<kw name="Close Browser" library="SeleniumLibrary">
<doc>Closes the current browser.</doc>
<status status="PASS" starttime="20220621 01:21:13.901" endtime="20220621 01:21:16.098"/>
</kw>
<status status="PASS" starttime="20220621 01:21:03.895" endtime="20220621 01:21:16.098"/>
</kw>
<status status="PASS" starttime="20220621 01:20:34.920" endtime="20220621 01:21:16.098"/>
</test>
<test id="s1-t7" name="HO-47: Verify that all links and logos at the footer of page can be clickable" line="43">
<kw name="Open my browser" library="LoginPage" type="SETUP">
<arg>${URL}</arg>
<arg>${Browser}</arg>
<kw name="Open Browser" library="SeleniumLibrary">
<arg>${URL}</arg>
<arg>${Browser}</arg>
<doc>Opens a new browser instance to the optional ``url``.</doc>
<msg timestamp="20220621 01:21:16.100" level="INFO">Opening browser 'Edge' to base url 'https://opensource-demo.orangehrmlive.com/'.</msg>
<status status="PASS" starttime="20220621 01:21:16.100" endtime="20220621 01:21:20.184"/>
</kw>
<kw name="Sleep" library="BuiltIn">
<arg>15</arg>
<doc>Pauses the test executed for the given time.</doc>
<msg timestamp="20220621 01:21:35.200" level="INFO">Slept 15 seconds</msg>
<status status="PASS" starttime="20220621 01:21:20.184" endtime="20220621 01:21:35.200"/>
</kw>
<status status="PASS" starttime="20220621 01:21:16.100" endtime="20220621 01:21:35.200"/>
</kw>
<kw name="Verify all buttons have icon at the end of page" library="LoginPage">
<kw name="Click Element" library="SeleniumLibrary">
<arg>${Link_Icon}</arg>
<doc>Click the element identified by ``locator``.</doc>
<msg timestamp="20220621 01:21:35.201" level="INFO">Clicking element 'xpath://img[@alt='LinkedIn OrangeHRM group']'.</msg>
<status status="PASS" starttime="20220621 01:21:35.201" endtime="20220621 01:21:35.306"/>
</kw>
<kw name="Click Element" library="SeleniumLibrary">
<arg>${Facebook_Icon}</arg>
<doc>Click the element identified by ``locator``.</doc>
<msg timestamp="20220621 01:21:35.307" level="INFO">Clicking element 'xpath://img[@alt='OrangeHRM on Facebook']'.</msg>
<status status="PASS" starttime="20220621 01:21:35.307" endtime="20220621 01:21:35.378"/>
</kw>
<kw name="Click Element" library="SeleniumLibrary">
<arg>${Twitter_Icon}</arg>
<doc>Click the element identified by ``locator``.</doc>
<msg timestamp="20220621 01:21:35.379" level="INFO">Clicking element 'xpath://img[@alt='OrangeHRM on twitter']'.</msg>
<status status="PASS" starttime="20220621 01:21:35.378" endtime="20220621 01:21:35.458"/>
</kw>
<kw name="Click Element" library="SeleniumLibrary">
<arg>${Youtube_Icon}</arg>
<doc>Click the element identified by ``locator``.</doc>
<msg timestamp="20220621 01:21:35.459" level="INFO">Clicking element 'xpath://img[@alt='OrangeHRM on youtube']'.</msg>
<status status="PASS" starttime="20220621 01:21:35.458" endtime="20220621 01:21:35.546"/>
</kw>
<status status="PASS" starttime="20220621 01:21:35.201" endtime="20220621 01:21:35.546"/>
</kw>
<kw name="Close my browser" library="LoginPage" type="TEARDOWN">
<kw name="Sleep" library="BuiltIn">
<arg>10</arg>
<doc>Pauses the test executed for the given time.</doc>
<msg timestamp="20220621 01:21:45.562" level="INFO">Slept 10 seconds</msg>
<status status="PASS" starttime="20220621 01:21:35.548" endtime="20220621 01:21:45.562"/>
</kw>
<kw name="Close Browser" library="SeleniumLibrary">
<doc>Closes the current browser.</doc>
<status status="PASS" starttime="20220621 01:21:45.562" endtime="20220621 01:21:47.954"/>
</kw>
<status status="PASS" starttime="20220621 01:21:35.547" endtime="20220621 01:21:47.955"/>
</kw>
<status status="PASS" starttime="20220621 01:21:16.099" endtime="20220621 01:21:47.956"/>
</test>
<status status="PASS" starttime="20220621 01:17:13.940" endtime="20220621 01:21:47.961"/>
</suite>
<statistics>
<total>
<stat pass="7" fail="0" skip="0">All Tests</stat>
</total>
<tag>
</tag>
<suite>
<stat pass="7" fail="0" skip="0" id="s1" name="Controller">Controller</stat>
</suite>
</statistics>
<errors>
</errors>
</robot>
