<?xml version="1.0" encoding="UTF-8"?>
<robot generator="Robot 5.0.1 (Python 3.10.5 on win32)" generated="20220621 14:17:38.937" rpa="false" schemaversion="3">
<suite id="s1" name="ValidLogin" source="D:\AutomationTest\OrganeHRM\TestCases\ValidLogin.robot">
<test id="s1-t1" name="Valid login" line="12">
<kw name="Open my browser" library="LoginPage" type="SETUP">
<arg>${URL}</arg>
<arg>${Browser}</arg>
<kw name="Open Browser" library="SeleniumLibrary">
<arg>${URL}</arg>
<arg>${Browser}</arg>
<doc>Opens a new browser instance to the optional ``url``.</doc>
<msg timestamp="20220621 14:17:39.155" level="INFO">Opening browser 'Edge' to base url 'https://opensource-demo.orangehrmlive.com/'.</msg>
<status status="PASS" starttime="20220621 14:17:39.155" endtime="20220621 14:18:09.201"/>
</kw>
<kw name="Sleep" library="BuiltIn">
<arg>15</arg>
<doc>Pauses the test executed for the given time.</doc>
<msg timestamp="20220621 14:18:24.203" level="INFO">Slept 15 seconds</msg>
<status status="PASS" starttime="20220621 14:18:09.201" endtime="20220621 14:18:24.203"/>
</kw>
<status status="PASS" starttime="20220621 14:17:39.154" endtime="20220621 14:18:24.203"/>
</kw>
<kw name="Enter UserName" library="LoginPage">
<arg>${user_name}</arg>
<kw name="Input Text" library="SeleniumLibrary">
<arg>${txt_UserName}</arg>
<arg>${UserName}</arg>
<doc>Types the given ``text`` into the text field identified by ``locator``.</doc>
<msg timestamp="20220621 14:18:24.204" level="INFO">Typing text 'Admin' into text field 'id:txtUsername'.</msg>
<status status="PASS" starttime="20220621 14:18:24.204" endtime="20220621 14:18:24.266"/>
</kw>
<status status="PASS" starttime="20220621 14:18:24.203" endtime="20220621 14:18:24.266"/>
</kw>
<kw name="Enter Password" library="LoginPage">
<arg>${password}</arg>
<kw name="Input Password" library="SeleniumLibrary">
<arg>${txt_Password}</arg>
<arg>${Password}</arg>
<doc>Types the given password into the text field identified by ``locator``.</doc>
<msg timestamp="20220621 14:18:24.267" level="INFO">Typing password into text field 'id:txtPassword'.</msg>
<msg timestamp="20220621 14:18:24.296" level="INFO">Temporally setting log level to: NONE</msg>
<msg timestamp="20220621 14:18:24.323" level="INFO">Log level changed from NONE to INFO.</msg>
<status status="PASS" starttime="20220621 14:18:24.266" endtime="20220621 14:18:24.323"/>
</kw>
<status status="PASS" starttime="20220621 14:18:24.266" endtime="20220621 14:18:24.323"/>
</kw>
<kw name="Click Button Login" library="LoginPage">
<kw name="Click Button" library="SeleniumLibrary">
<arg>${btn_login}</arg>
<doc>Clicks the button identified by ``locator``.</doc>
<msg timestamp="20220621 14:18:24.324" level="INFO">Clicking button 'xpath://input[@id='btnLogin']'.</msg>
<status status="PASS" starttime="20220621 14:18:24.323" endtime="20220621 14:18:32.560"/>
</kw>
<kw name="Sleep" library="BuiltIn">
<arg>2</arg>
<doc>Pauses the test executed for the given time.</doc>
<msg timestamp="20220621 14:18:34.562" level="INFO">Slept 2 seconds</msg>
<status status="PASS" starttime="20220621 14:18:32.561" endtime="20220621 14:18:34.562"/>
</kw>
<status status="PASS" starttime="20220621 14:18:24.323" endtime="20220621 14:18:34.562"/>
</kw>
<kw name="Verify Successful Login" library="LoginPage">
<kw name="Location Should Be" library="SeleniumLibrary">
<arg>https://opensource-demo.orangehrmlive.com/index.php/dashboard</arg>
<doc>Verifies that the current URL is exactly ``url``.</doc>
<msg timestamp="20220621 14:18:34.566" level="INFO">Current location is 'https://opensource-demo.orangehrmlive.com/index.php/dashboard'.</msg>
<status status="PASS" starttime="20220621 14:18:34.563" endtime="20220621 14:18:34.566"/>
</kw>
<kw name="Page Should Contain" library="SeleniumLibrary">
<arg>Welcome</arg>
<doc>Verifies that current page contains ``text``.</doc>
<msg timestamp="20220621 14:18:34.577" level="INFO">Current page contains text 'Welcome'.</msg>
<status status="PASS" starttime="20220621 14:18:34.566" endtime="20220621 14:18:34.577"/>
</kw>
<status status="PASS" starttime="20220621 14:18:34.562" endtime="20220621 14:18:34.577"/>
</kw>
<kw name="Close my browser" library="LoginPage" type="TEARDOWN">
<kw name="Sleep" library="BuiltIn">
<arg>10</arg>
<doc>Pauses the test executed for the given time.</doc>
<msg timestamp="20220621 14:18:44.578" level="INFO">Slept 10 seconds</msg>
<status status="PASS" starttime="20220621 14:18:34.578" endtime="20220621 14:18:44.578"/>
</kw>
<kw name="Close Browser" library="SeleniumLibrary">
<doc>Closes the current browser.</doc>
<status status="PASS" starttime="20220621 14:18:44.578" endtime="20220621 14:18:47.205"/>
</kw>
<status status="PASS" starttime="20220621 14:18:34.578" endtime="20220621 14:18:47.205"/>
</kw>
<status status="PASS" starttime="20220621 14:17:39.153" endtime="20220621 14:18:47.205"/>
</test>
<status status="PASS" starttime="20220621 14:17:38.939" endtime="20220621 14:18:47.207"/>
</suite>
<statistics>
<total>
<stat pass="1" fail="0" skip="0">All Tests</stat>
</total>
<tag>
</tag>
<suite>
<stat pass="1" fail="0" skip="0" id="s1" name="ValidLogin">ValidLogin</stat>
</suite>
</statistics>
<errors>
</errors>
</robot>
