<?xml version="1.0" encoding="UTF-8"?>
<robot generator="Robot 5.0.1 (Python 3.10.5 on win32)" generated="20220705 16:04:35.037" rpa="false" schemaversion="3">
<suite id="s1" name="MyInfo" source="D:\AutomationTest\OrganeHRM\TestCases\MyInfo\MyInfo.robot">
<test id="s1-t1" name="HR-151: Verify that be able to download attachments at “Attachments“" line="17">
<kw name="Open my browser" library="LoginPage" type="SETUP">
<arg>${URL}</arg>
<arg>${Browser}</arg>
<kw name="Open Browser" library="SeleniumLibrary">
<arg>${URL}</arg>
<arg>${Browser}</arg>
<doc>Opens a new browser instance to the optional ``url``.</doc>
<msg timestamp="20220705 16:04:35.353" level="INFO">Opening browser 'Chrome' to base url 'https://tmasolutions-osondemand.orangehrm.com/symfony/web/index.php/auth/login'.</msg>
<status status="PASS" starttime="20220705 16:04:35.353" endtime="20220705 16:04:47.989"/>
</kw>
<kw name="Maximize Browser Window" library="SeleniumLibrary">
<doc>Maximizes current browser window.</doc>
<status status="PASS" starttime="20220705 16:04:47.989" endtime="20220705 16:04:48.101"/>
</kw>
<status status="PASS" starttime="20220705 16:04:35.352" endtime="20220705 16:04:48.101"/>
</kw>
<kw name="Login ESS" library="LoginPage">
<arg>adash</arg>
<arg>4w@hOc@K@1AH</arg>
<kw name="Enter UserName" library="LoginPage">
<arg>${txt_UserName}</arg>
<kw name="Input Text" library="SeleniumLibrary">
<arg>${txt_UserName}</arg>
<arg>${UserName}</arg>
<doc>Types the given ``text`` into the text field identified by ``locator``.</doc>
<msg timestamp="20220705 16:04:48.102" level="INFO">Typing text 'adash' into text field 'id:txtUsername'.</msg>
<status status="PASS" starttime="20220705 16:04:48.102" endtime="20220705 16:04:48.167"/>
</kw>
<status status="PASS" starttime="20220705 16:04:48.101" endtime="20220705 16:04:48.167"/>
</kw>
<kw name="Enter Password" library="LoginPage">
<arg>${txt_Password}</arg>
<kw name="Input Password" library="SeleniumLibrary">
<arg>${txt_Password}</arg>
<arg>${Password}</arg>
<doc>Types the given password into the text field identified by ``locator``.</doc>
<msg timestamp="20220705 16:04:48.168" level="INFO">Typing password into text field 'id:txtPassword'.</msg>
<msg timestamp="20220705 16:04:48.194" level="INFO">Temporally setting log level to: NONE</msg>
<msg timestamp="20220705 16:04:48.226" level="INFO">Log level changed from NONE to INFO.</msg>
<status status="PASS" starttime="20220705 16:04:48.168" endtime="20220705 16:04:48.227"/>
</kw>
<status status="PASS" starttime="20220705 16:04:48.167" endtime="20220705 16:04:48.227"/>
</kw>
<kw name="Click Button Login" library="LoginPage">
<kw name="Click Button" library="SeleniumLibrary">
<arg>${btn_login}</arg>
<doc>Clicks the button identified by ``locator``.</doc>
<msg timestamp="20220705 16:04:48.227" level="INFO">Clicking button 'xpath://input[@id='btnLogin']'.</msg>
<status status="PASS" starttime="20220705 16:04:48.227" endtime="20220705 16:04:54.881"/>
</kw>
<kw name="Sleep" library="BuiltIn">
<arg>2</arg>
<doc>Pauses the test executed for the given time.</doc>
<msg timestamp="20220705 16:04:56.883" level="INFO">Slept 2 seconds</msg>
<status status="PASS" starttime="20220705 16:04:54.882" endtime="20220705 16:04:56.883"/>
</kw>
<status status="PASS" starttime="20220705 16:04:48.227" endtime="20220705 16:04:56.883"/>
</kw>
<kw name="Verify Successful Login" library="LoginPage">
<kw name="Location Should Be" library="SeleniumLibrary">
<arg>https://tmasolutions-osondemand.orangehrm.com/symfony/web/index.php/dashboard</arg>
<doc>Verifies that the current URL is exactly ``url``.</doc>
<msg timestamp="20220705 16:04:56.887" level="INFO">Current location is 'https://tmasolutions-osondemand.orangehrm.com/symfony/web/index.php/dashboard'.</msg>
<status status="PASS" starttime="20220705 16:04:56.883" endtime="20220705 16:04:56.887"/>
</kw>
<kw name="Page Should Contain" library="SeleniumLibrary">
<arg>Welcome</arg>
<doc>Verifies that current page contains ``text``.</doc>
<msg timestamp="20220705 16:04:56.897" level="INFO">Current page contains text 'Welcome'.</msg>
<status status="PASS" starttime="20220705 16:04:56.887" endtime="20220705 16:04:56.897"/>
</kw>
<status status="PASS" starttime="20220705 16:04:56.883" endtime="20220705 16:04:56.897"/>
</kw>
<status status="PASS" starttime="20220705 16:04:48.101" endtime="20220705 16:04:56.897"/>
</kw>
<kw name="Click &quot;My Info&quot; link" library="MyInfo">
<kw name="Click Element" library="SeleniumLibrary">
<arg>${MyInfo_Link}</arg>
<doc>Click the element identified by ``locator``.</doc>
<msg timestamp="20220705 16:04:56.898" level="INFO">Clicking element 'xpath://b[contains(text(),'My Info')]'.</msg>
<status status="PASS" starttime="20220705 16:04:56.898" endtime="20220705 16:05:01.100"/>
</kw>
<status status="PASS" starttime="20220705 16:04:56.898" endtime="20220705 16:05:01.100"/>
</kw>
<kw name="Click on file name link" library="MyInfo">
<kw name="Get Time" library="BuiltIn">
<var>${now}</var>
<arg>epoch</arg>
<doc>Returns the given time in the requested format.</doc>
<msg timestamp="20220705 16:05:01.101" level="INFO">${now} = 1657011901</msg>
<status status="PASS" starttime="20220705 16:05:01.101" endtime="20220705 16:05:01.101"/>
</kw>
<kw name="Log" library="BuiltIn">
<arg>${now}</arg>
<doc>Logs the given message with the given level.</doc>
<msg timestamp="20220705 16:05:01.101" level="INFO">1657011901</msg>
<status status="PASS" starttime="20220705 16:05:01.101" endtime="20220705 16:05:01.101"/>
</kw>
<kw name="Join Path" library="OperatingSystem">
<var>${download directory}</var>
<arg>${OUTPUT DIR}</arg>
<arg>downloads</arg>
<doc>Joins the given path part(s) to the given base path.</doc>
<msg timestamp="20220705 16:05:01.102" level="INFO">${download directory} = D:\AutomationTest\OrganeHRM\Results\downloads</msg>
<status status="PASS" starttime="20220705 16:05:01.102" endtime="20220705 16:05:01.102"/>
</kw>
<kw name="Log" library="BuiltIn">
<arg>${download directory}</arg>
<doc>Logs the given message with the given level.</doc>
<msg timestamp="20220705 16:05:01.102" level="INFO">D:\AutomationTest\OrganeHRM\Results\downloads</msg>
<status status="PASS" starttime="20220705 16:05:01.102" endtime="20220705 16:05:01.102"/>
</kw>
<kw name="Create Directory" library="OperatingSystem">
<arg>${download directory}</arg>
<doc>Creates the specified directory.</doc>
<msg timestamp="20220705 16:05:01.102" level="INFO" html="true">Directory '&lt;a href="file://D:\AutomationTest\OrganeHRM\Results\downloads"&gt;D:\AutomationTest\OrganeHRM\Results\downloads&lt;/a&gt;' already exists.</msg>
<status status="PASS" starttime="20220705 16:05:01.102" endtime="20220705 16:05:01.102"/>
</kw>
<kw name="Evaluate" library="BuiltIn">
<var>${chrome options}</var>
<arg>sys.modules['selenium.webdriver'].ChromeOptions()</arg>
<arg>sys, selenium.webdriver</arg>
<doc>Evaluates the given expression in Python and returns the result.</doc>
<msg timestamp="20220705 16:05:01.103" level="INFO">${chrome options} = &lt;selenium.webdriver.chrome.options.Options object at 0x00000243300DF5E0&gt;</msg>
<status status="PASS" starttime="20220705 16:05:01.103" endtime="20220705 16:05:01.103"/>
</kw>
<kw name="Create List" library="BuiltIn">
<var>${disabled}</var>
<arg>Chrome PDF Viewer</arg>
<doc>Returns a list containing given items.</doc>
<msg timestamp="20220705 16:05:01.103" level="INFO">${disabled} = ['Chrome PDF Viewer']</msg>
<status status="PASS" starttime="20220705 16:05:01.103" endtime="20220705 16:05:01.103"/>
</kw>
<kw name="Create Dictionary" library="BuiltIn">
<var>${prefs}</var>
<arg>download.default_directory=${download directory}</arg>
<arg>plugins.plugins_disabled=${disabled}</arg>
<doc>Creates and returns a dictionary based on the given ``items``.</doc>
<msg timestamp="20220705 16:05:01.103" level="INFO">${prefs} = {'download.default_directory': 'D:\\AutomationTest\\OrganeHRM\\Results\\downloads', 'plugins.plugins_disabled': ['Chrome PDF Viewer']}</msg>
<status status="PASS" starttime="20220705 16:05:01.103" endtime="20220705 16:05:01.103"/>
</kw>
<kw name="Call Method" library="BuiltIn">
<arg>${chrome options}</arg>
<arg>add_experimental_option</arg>
<arg>prefs</arg>
<arg>${prefs}</arg>
<doc>Calls the named method of the given object with the provided arguments.</doc>
<status status="PASS" starttime="20220705 16:05:01.104" endtime="20220705 16:05:01.104"/>
</kw>
<kw name="Create Webdriver" library="SeleniumLibrary">
<arg>Chrome</arg>
<arg>chrome_options=${chrome options}</arg>
<doc>Creates an instance of Selenium WebDriver.</doc>
<msg timestamp="20220705 16:05:01.104" level="INFO">Creating an instance of the Chrome WebDriver.</msg>
<status status="PASS" starttime="20220705 16:05:01.104" endtime="20220705 16:05:04.332"/>
</kw>
<kw name="Go To" library="SeleniumLibrary">
<arg>https://tmasolutions-osondemand.orangehrm.com/symfony/web/index.php/pim/viewMyDetails</arg>
<doc>Navigates the current browser window to the provided ``url``.</doc>
<msg timestamp="20220705 16:05:04.332" level="INFO">Opening url 'https://tmasolutions-osondemand.orangehrm.com/symfony/web/index.php/pim/viewMyDetails'</msg>
<status status="PASS" starttime="20220705 16:05:04.332" endtime="20220705 16:05:22.029"/>
</kw>
<kw name="Click Link" library="SeleniumLibrary">
<arg>css:[href="/symfony/web/index.php/pim/viewAttachment/empNumber/1/attachId/1"]</arg>
<doc>Clicks a link identified by ``locator``.</doc>
<msg timestamp="20220705 16:05:22.029" level="INFO">Clicking link 'css:[href="/symfony/web/index.php/pim/viewAttachment/empNumber/1/attachId/1"]'.</msg>
<msg timestamp="20220705 16:05:26.233" level="INFO" html="true">&lt;/td&gt;&lt;/tr&gt;&lt;tr&gt;&lt;td colspan="3"&gt;&lt;a href="selenium-screenshot-4.png"&gt;&lt;img src="selenium-screenshot-4.png" width="800px"&gt;&lt;/a&gt;</msg>
<msg timestamp="20220705 16:05:26.234" level="FAIL">Link with locator 'css:[href="/symfony/web/index.php/pim/viewAttachment/empNumber/1/attachId/1"]' not found.</msg>
<status status="FAIL" starttime="20220705 16:05:22.029" endtime="20220705 16:05:26.236"/>
</kw>
<kw name="Wait Until Keyword Succeeds" library="BuiltIn">
<var>${file}</var>
<arg>1 min</arg>
<arg>2 sec</arg>
<arg>Download should be done</arg>
<arg>${download directory}</arg>
<doc>Runs the specified keyword and retries if it fails.</doc>
<status status="NOT RUN" starttime="20220705 16:05:26.236" endtime="20220705 16:05:26.236"/>
</kw>
<status status="FAIL" starttime="20220705 16:05:01.101" endtime="20220705 16:05:26.237"/>
</kw>
<kw name="Close my browser" library="LoginPage" type="TEARDOWN">
<kw name="Sleep" library="BuiltIn">
<arg>10</arg>
<doc>Pauses the test executed for the given time.</doc>
<msg timestamp="20220705 16:05:36.240" level="INFO">Slept 10 seconds</msg>
<status status="PASS" starttime="20220705 16:05:26.238" endtime="20220705 16:05:36.240"/>
</kw>
<kw name="Close Browser" library="SeleniumLibrary">
<doc>Closes the current browser.</doc>
<status status="PASS" starttime="20220705 16:05:36.240" endtime="20220705 16:05:38.481"/>
</kw>
<status status="PASS" starttime="20220705 16:05:26.237" endtime="20220705 16:05:38.481"/>
</kw>
<status status="FAIL" starttime="20220705 16:04:35.351" endtime="20220705 16:05:38.482">Link with locator 'css:[href="/symfony/web/index.php/pim/viewAttachment/empNumber/1/attachId/1"]' not found.</status>
</test>
<status status="FAIL" starttime="20220705 16:04:35.039" endtime="20220705 16:05:38.483"/>
</suite>
<statistics>
<total>
<stat pass="0" fail="1" skip="0">All Tests</stat>
</total>
<tag>
</tag>
<suite>
<stat pass="0" fail="1" skip="0" id="s1" name="MyInfo">MyInfo</stat>
</suite>
</statistics>
<errors>
</errors>
</robot>
