<?xml version="1.0" encoding="UTF-8"?>
<robot generator="Robot 5.0 (Python 3.10.4 on win32)" generated="20220619 17:43:19.659" rpa="false" schemaversion="3">
<suite id="s1" name="Controller" source="D:\Data\AutomationTest\OrganeHRM\TestCases\Controller.robot">
<test id="s1-t1" name="HO-43: Verify that all itmes at the header section display corectly" line="13">
<kw name="Open my browser" library="LoginPage" type="SETUP">
<arg>${URL}</arg>
<arg>${Browser}</arg>
<kw name="Open Browser" library="SeleniumLibrary">
<arg>${URL}</arg>
<arg>${Browser}</arg>
<doc>Opens a new browser instance to the optional ``url``.</doc>
<msg timestamp="20220619 17:43:19.861" level="INFO">Opening browser 'Edge' to base url 'https://opensource-demo.orangehrmlive.com/'.</msg>
<status status="PASS" starttime="20220619 17:43:19.861" endtime="20220619 17:43:24.431"/>
</kw>
<kw name="Sleep" library="BuiltIn">
<arg>15</arg>
<doc>Pauses the test executed for the given time.</doc>
<msg timestamp="20220619 17:43:39.436" level="INFO">Slept 15 seconds</msg>
<status status="PASS" starttime="20220619 17:43:24.431" endtime="20220619 17:43:39.436"/>
</kw>
<status status="PASS" starttime="20220619 17:43:19.860" endtime="20220619 17:43:39.436"/>
</kw>
<kw name="Element Should Be Visible" library="SeleniumLibrary">
<arg>${Logo_Header}</arg>
<doc>Verifies that the element identified by ``locator`` is visible.</doc>
<msg timestamp="20220619 17:43:39.464" level="INFO">Element 'xpath://body/div[@id='wrapper']/div[@id='content']/div[@id='divLogin']/div[@id='divLogo']/img[1]' is displayed.</msg>
<status status="PASS" starttime="20220619 17:43:39.437" endtime="20220619 17:43:39.465"/>
</kw>
<kw name="Close my browser" library="LoginPage" type="TEARDOWN">
<kw name="Sleep" library="BuiltIn">
<arg>10</arg>
<doc>Pauses the test executed for the given time.</doc>
<msg timestamp="20220619 17:43:49.468" level="INFO">Slept 10 seconds</msg>
<status status="PASS" starttime="20220619 17:43:39.466" endtime="20220619 17:43:49.468"/>
</kw>
<kw name="Close Browser" library="SeleniumLibrary">
<doc>Closes the current browser.</doc>
<status status="PASS" starttime="20220619 17:43:49.468" endtime="20220619 17:43:51.726"/>
</kw>
<status status="PASS" starttime="20220619 17:43:39.465" endtime="20220619 17:43:51.727"/>
</kw>
<status status="PASS" starttime="20220619 17:43:19.858" endtime="20220619 17:43:51.727"/>
</test>
<status status="PASS" starttime="20220619 17:43:19.661" endtime="20220619 17:43:51.728"/>
</suite>
<statistics>
<total>
<stat pass="1" fail="0" skip="0">All Tests</stat>
</total>
<tag>
</tag>
<suite>
<stat pass="1" fail="0" skip="0" id="s1" name="Controller">Controller</stat>
</suite>
</statistics>
<errors>
</errors>
</robot>
