<?xml version="1.0" encoding="UTF-8"?>
<robot generator="Robot 5.0.1 (Python 3.10.5 on win32)" generated="20220620 19:46:37.426" rpa="false" schemaversion="3">
<suite id="s1" name="Test" source="D:\AutomationTest\OrganeHRM\TestCases\test.robot">
<test id="s1-t1" name="HO-44-1: Verify 'username' input" line="13">
<kw name="Open my browser" library="LoginPage" type="SETUP">
<arg>${URL}</arg>
<arg>${Browser}</arg>
<kw name="Open Browser" library="SeleniumLibrary">
<arg>${URL}</arg>
<arg>${Browser}</arg>
<doc>Opens a new browser instance to the optional ``url``.</doc>
<msg timestamp="20220620 19:46:37.774" level="INFO">Opening browser 'Edge' to base url 'https://opensource-demo.orangehrmlive.com/'.</msg>
<status status="PASS" starttime="20220620 19:46:37.773" endtime="20220620 19:46:48.291"/>
</kw>
<kw name="Sleep" library="BuiltIn">
<arg>15</arg>
<doc>Pauses the test executed for the given time.</doc>
<msg timestamp="20220620 19:47:03.293" level="INFO">Slept 15 seconds</msg>
<status status="PASS" starttime="20220620 19:46:48.291" endtime="20220620 19:47:03.293"/>
</kw>
<status status="PASS" starttime="20220620 19:46:37.773" endtime="20220620 19:47:03.293"/>
</kw>
<kw name="Verify 'OrangeHRM 4.10.1 © 2005 - 2022 OrangeHRM, Inc. All rights reserved.' text" library="LoginPage">
<kw name="Element Should Be Visible" library="SeleniumLibrary">
<arg>${text_footer}</arg>
<doc>Verifies that the element identified by ``locator`` is visible.</doc>
<msg timestamp="20220620 19:47:03.325" level="INFO">Element 'xpath://body/div[@id='wrapper']/div[@id='content']/div[@id='footer']/div[1]' is displayed.</msg>
<status status="PASS" starttime="20220620 19:47:03.294" endtime="20220620 19:47:03.325"/>
</kw>
<kw name="Get CSS Property Value" library="Common">
<var>${color_text_footer}</var>
<arg>${text_footer}</arg>
<arg>color</arg>
<kw name="Get WebElement" library="SeleniumLibrary">
<var>${CSS}</var>
<arg>${locator}</arg>
<doc>Returns the first WebElement matching the given ``locator``.</doc>
<msg timestamp="20220620 19:47:03.331" level="INFO">${CSS} = &lt;selenium.webdriver.remote.webelement.WebElement (session="8b8352fcda1516f9972410d0e2c279d4", element="921d9f83-66f0-4e96-a2d0-70bfca9a9ae0")&gt;</msg>
<status status="PASS" starttime="20220620 19:47:03.326" endtime="20220620 19:47:03.331"/>
</kw>
<kw name="Call Method" library="BuiltIn">
<var>${prop_val}</var>
<arg>${css}</arg>
<arg>value_of_css_property</arg>
<arg>${attribute_name}</arg>
<doc>Calls the named method of the given object with the provided arguments.</doc>
<msg timestamp="20220620 19:47:03.337" level="INFO">${prop_val} = rgba(119, 119, 119, 1)</msg>
<status status="PASS" starttime="20220620 19:47:03.331" endtime="20220620 19:47:03.337"/>
</kw>
<msg timestamp="20220620 19:47:03.337" level="INFO">${color_text_footer} = rgba(119, 119, 119, 1)</msg>
<status status="PASS" starttime="20220620 19:47:03.326" endtime="20220620 19:47:03.337"/>
</kw>
<kw name="Log To Console" library="BuiltIn">
<arg>${color_text_footer}</arg>
<doc>Logs the given message to the console.</doc>
<status status="PASS" starttime="20220620 19:47:03.337" endtime="20220620 19:47:03.338"/>
</kw>
<kw name="Rgb To Hex" library="Convert">
<var>${convert_hex}</var>
<arg>${color_text_footer}</arg>
<msg timestamp="20220620 19:47:03.338" level="INFO">rbg: 119,119,119,1</msg>
<msg timestamp="20220620 19:47:03.338" level="INFO">${convert_hex} = #777777</msg>
<status status="PASS" starttime="20220620 19:47:03.338" endtime="20220620 19:47:03.338"/>
</kw>
<kw name="Log" library="BuiltIn">
<arg>${convert_hex}</arg>
<doc>Logs the given message with the given level.</doc>
<msg timestamp="20220620 19:47:03.338" level="INFO">#777777</msg>
<status status="PASS" starttime="20220620 19:47:03.338" endtime="20220620 19:47:03.338"/>
</kw>
<kw name="Should Be Equal" library="BuiltIn">
<arg>${convert_hex}</arg>
<arg>\#777</arg>
<doc>Fails if the given objects are unequal.</doc>
<msg timestamp="20220620 19:47:03.339" level="FAIL">#777777 != #777</msg>
<status status="FAIL" starttime="20220620 19:47:03.338" endtime="20220620 19:47:03.339"/>
</kw>
<kw name="Element Should Be Visible" library="SeleniumLibrary">
<arg>${OrangeHRM_Inc}</arg>
<doc>Verifies that the element identified by ``locator`` is visible.</doc>
<status status="NOT RUN" starttime="20220620 19:47:03.339" endtime="20220620 19:47:03.339"/>
</kw>
<kw name="Get CSS Property Value" library="Common">
<var>${underline}</var>
<arg>${OrangeHRM_Inc}</arg>
<arg>text-decoration</arg>
<status status="NOT RUN" starttime="20220620 19:47:03.339" endtime="20220620 19:47:03.340"/>
</kw>
<kw name="Should Contain" library="BuiltIn">
<arg>${underline}</arg>
<arg>underline</arg>
<doc>Fails if ``container`` does not contain ``item`` one or more times.</doc>
<status status="NOT RUN" starttime="20220620 19:47:03.340" endtime="20220620 19:47:03.340"/>
</kw>
<kw name="Sleep" library="BuiltIn">
<arg>10s</arg>
<doc>Pauses the test executed for the given time.</doc>
<status status="NOT RUN" starttime="20220620 19:47:03.340" endtime="20220620 19:47:03.340"/>
</kw>
<kw name="Element Should Be Visible" library="SeleniumLibrary">
<arg>${Link_Icon}</arg>
<doc>Verifies that the element identified by ``locator`` is visible.</doc>
<status status="NOT RUN" starttime="20220620 19:47:03.340" endtime="20220620 19:47:03.340"/>
</kw>
<kw name="Element Should Be Visible" library="SeleniumLibrary">
<arg>${Facebook_Icon}</arg>
<doc>Verifies that the element identified by ``locator`` is visible.</doc>
<status status="NOT RUN" starttime="20220620 19:47:03.340" endtime="20220620 19:47:03.340"/>
</kw>
<kw name="Element Should Be Visible" library="SeleniumLibrary">
<arg>${Twitter_Icon}</arg>
<doc>Verifies that the element identified by ``locator`` is visible.</doc>
<status status="NOT RUN" starttime="20220620 19:47:03.340" endtime="20220620 19:47:03.340"/>
</kw>
<kw name="Element Should Be Visible" library="SeleniumLibrary">
<arg>${Youtube_Icon}</arg>
<doc>Verifies that the element identified by ``locator`` is visible.</doc>
<status status="NOT RUN" starttime="20220620 19:47:03.340" endtime="20220620 19:47:03.340"/>
</kw>
<status status="FAIL" starttime="20220620 19:47:03.294" endtime="20220620 19:47:03.340"/>
</kw>
<kw name="Close my browser" library="LoginPage" type="TEARDOWN">
<kw name="Sleep" library="BuiltIn">
<arg>10</arg>
<doc>Pauses the test executed for the given time.</doc>
<msg timestamp="20220620 19:47:13.342" level="INFO">Slept 10 seconds</msg>
<status status="PASS" starttime="20220620 19:47:03.341" endtime="20220620 19:47:13.342"/>
</kw>
<kw name="Close Browser" library="SeleniumLibrary">
<doc>Closes the current browser.</doc>
<status status="PASS" starttime="20220620 19:47:13.342" endtime="20220620 19:47:16.407"/>
</kw>
<status status="PASS" starttime="20220620 19:47:03.341" endtime="20220620 19:47:16.407"/>
</kw>
<status status="FAIL" starttime="20220620 19:46:37.772" endtime="20220620 19:47:16.407">#777777 != #777</status>
</test>
<status status="FAIL" starttime="20220620 19:46:37.428" endtime="20220620 19:47:16.409"/>
</suite>
<statistics>
<total>
<stat pass="0" fail="1" skip="0">All Tests</stat>
</total>
<tag>
</tag>
<suite>
<stat pass="0" fail="1" skip="0" id="s1" name="Test">Test</stat>
</suite>
</statistics>
<errors>
</errors>
</robot>
