<?xml version="1.0" encoding="UTF-8"?>
<robot generator="Robot 5.0.1 (Python 3.10.4 on win32)" generated="20220530 17:26:17.231" rpa="false" schemaversion="3">
<suite id="s1" name="TC1" source="D:\AutomationTest\RobotFramework\TestCases\TC1.robot">
<test id="s1-t1" name="LoginTest" line="12">
<kw name="Open my Browser" library="LoginKeywords">
<arg>${url}</arg>
<arg>${browser}</arg>
<kw name="Open Browser" library="SeleniumLibrary">
<arg>${SiteUrl}</arg>
<arg>${Browser}</arg>
<doc>Opens a new browser instance to the optional ``url``.</doc>
<msg timestamp="20220530 17:26:17.564" level="INFO">Opening browser 'chrome' to base url 'https://demo.nopcommerce.com/'.</msg>
<status status="PASS" starttime="20220530 17:26:17.564" endtime="20220530 17:26:23.461"/>
</kw>
<kw name="Maximize Browser Window" library="SeleniumLibrary">
<doc>Maximizes current browser window.</doc>
<status status="PASS" starttime="20220530 17:26:23.461" endtime="20220530 17:26:23.583"/>
</kw>
<status status="PASS" starttime="20220530 17:26:17.564" endtime="20220530 17:26:23.583"/>
</kw>
<kw name="Click Login Link" library="LoginKeywords">
<kw name="Click Link" library="SeleniumLibrary">
<arg>${link_login}</arg>
<doc>Clicks a link identified by ``locator``.</doc>
<msg timestamp="20220530 17:26:23.584" level="INFO">Clicking link 'xpath://a[@class='ico-login']'.</msg>
<status status="PASS" starttime="20220530 17:26:23.584" endtime="20220530 17:26:25.633"/>
</kw>
<status status="PASS" starttime="20220530 17:26:23.584" endtime="20220530 17:26:25.633"/>
</kw>
<kw name="Enter Email" library="LoginKeywords">
<arg>${eml}</arg>
<kw name="Input Text" library="SeleniumLibrary">
<arg>${txt_loginemail}</arg>
<arg>${email}</arg>
<doc>Types the given ``text`` into the text field identified by ``locator``.</doc>
<msg timestamp="20220530 17:26:25.633" level="INFO">Typing text 'x@gmail.com' into text field 'id:Email'.</msg>
<status status="PASS" starttime="20220530 17:26:25.633" endtime="20220530 17:26:25.713"/>
</kw>
<status status="PASS" starttime="20220530 17:26:25.633" endtime="20220530 17:26:25.713"/>
</kw>
<kw name="Enter Password" library="LoginKeywords">
<arg>${pwd}</arg>
<kw name="Input Text" library="SeleniumLibrary">
<arg>${txt_loginPassword}</arg>
<arg>${password}</arg>
<doc>Types the given ``text`` into the text field identified by ``locator``.</doc>
<msg timestamp="20220530 17:26:25.715" level="INFO">Typing text 'Test@123' into text field 'id:Password'.</msg>
<status status="PASS" starttime="20220530 17:26:25.714" endtime="20220530 17:26:25.795"/>
</kw>
<status status="PASS" starttime="20220530 17:26:25.714" endtime="20220530 17:26:25.795"/>
</kw>
<kw name="Click Login Button" library="LoginKeywords">
<kw name="Click Button" library="SeleniumLibrary">
<arg>${btn_login}</arg>
<doc>Clicks the button identified by ``locator``.</doc>
<msg timestamp="20220530 17:26:25.796" level="INFO">Clicking button 'xpath://button[@class='button-1 login-button']'.</msg>
<status status="PASS" starttime="20220530 17:26:25.796" endtime="20220530 17:26:26.222"/>
</kw>
<status status="PASS" starttime="20220530 17:26:25.796" endtime="20220530 17:26:26.222"/>
</kw>
<kw name="Sleep" library="BuiltIn">
<arg>3</arg>
<doc>Pauses the test executed for the given time.</doc>
<msg timestamp="20220530 17:26:29.230" level="INFO">Slept 3 seconds</msg>
<status status="PASS" starttime="20220530 17:26:26.223" endtime="20220530 17:26:29.230"/>
</kw>
<kw name="Verify Successful Login" library="LoginKeywords">
<kw name="Title Should Be" library="SeleniumLibrary">
<arg>nopCommerce demo store</arg>
<doc>Verifies that the current page title equals ``title``.</doc>
<msg timestamp="20220530 17:26:32.734" level="INFO" html="true">&lt;/td&gt;&lt;/tr&gt;&lt;tr&gt;&lt;td colspan="3"&gt;&lt;a href="selenium-screenshot-3.png"&gt;&lt;img src="selenium-screenshot-3.png" width="800px"&gt;&lt;/a&gt;</msg>
<msg timestamp="20220530 17:26:32.735" level="FAIL">Title should have been 'nopCommerce demo store' but was 'nopCommerce demo store. Login'.</msg>
<status status="FAIL" starttime="20220530 17:26:29.231" endtime="20220530 17:26:32.848"/>
</kw>
<status status="FAIL" starttime="20220530 17:26:29.231" endtime="20220530 17:26:32.849"/>
</kw>
<kw name="Close my Browser" library="LoginKeywords">
<status status="NOT RUN" starttime="20220530 17:26:32.849" endtime="20220530 17:26:32.849"/>
</kw>
<status status="FAIL" starttime="20220530 17:26:17.563" endtime="20220530 17:26:32.850">Title should have been 'nopCommerce demo store' but was 'nopCommerce demo store. Login'.</status>
</test>
<status status="FAIL" starttime="20220530 17:26:17.233" endtime="20220530 17:26:32.852"/>
</suite>
<statistics>
<total>
<stat pass="0" fail="1" skip="0">All Tests</stat>
</total>
<tag>
</tag>
<suite>
<stat pass="0" fail="1" skip="0" id="s1" name="TC1">TC1</stat>
</suite>
</statistics>
<errors>
</errors>
</robot>
