<?xml version="1.0" encoding="UTF-8"?>
<robot generator="Robot 5.0.1 (Python 3.10.4 on win32)" generated="20220525 11:00:45.473" rpa="false" schemaversion="3">
<suite id="s1" name="Test" source="D:\AutomationTest\RobotFramework\TestCases\Test.robot">
<test id="s1-t1" name="Verify basic search functionality for eBay" line="8">
<kw name="Open Browser" library="SeleniumLibrary">
<arg>https://www.google.com</arg>
<arg>chrome</arg>
<doc>Opens a new browser instance to the optional ``url``.</doc>
<msg timestamp="20220525 11:00:45.813" level="INFO">Opening browser 'chrome' to base url 'https://www.google.com'.</msg>
<status status="PASS" starttime="20220525 11:00:45.813" endtime="20220525 11:00:51.850"/>
</kw>
<kw name="Input Text" library="SeleniumLibrary">
<arg>//input[@name='q']</arg>
<arg>mobile</arg>
<doc>Types the given ``text`` into the text field identified by ``locator``.</doc>
<msg timestamp="20220525 11:00:51.851" level="INFO">Typing text 'mobile' into text field '//input[@name='q']'.</msg>
<status status="PASS" starttime="20220525 11:00:51.851" endtime="20220525 11:00:51.932"/>
</kw>
<kw name="Press Keys" library="SeleniumLibrary">
<arg>None</arg>
<arg>RETURN</arg>
<doc>Simulates the user pressing key(s) to an element or on the active browser.</doc>
<msg timestamp="20220525 11:00:51.933" level="INFO">Sending key(s) ('RETURN',) to page.</msg>
<msg timestamp="20220525 11:00:51.933" level="INFO">Pressing special key RETURN to browser.</msg>
<msg timestamp="20220525 11:00:51.933" level="INFO">Releasing special key RETURN.</msg>
<status status="PASS" starttime="20220525 11:00:51.932" endtime="20220525 11:00:54.692"/>
</kw>
<kw name="Title Should Be" library="SeleniumLibrary">
<arg>mobile - Tìm trên Google</arg>
<doc>Verifies that the current page title equals ``title``.</doc>
<msg timestamp="20220525 11:00:54.697" level="INFO">Page title is 'mobile - Tìm trên Google'.</msg>
<status status="PASS" starttime="20220525 11:00:54.693" endtime="20220525 11:00:54.697"/>
</kw>
<kw name="Close Browser" library="SeleniumLibrary">
<doc>Closes the current browser.</doc>
<status status="PASS" starttime="20220525 11:00:54.697" endtime="20220525 11:00:57.238"/>
</kw>
<doc>This test case verifies the basic search</doc>
<tag>Functional</tag>
<status status="PASS" starttime="20220525 11:00:45.812" endtime="20220525 11:00:57.239"/>
</test>
<doc>Basic Search Functionality</doc>
<status status="PASS" starttime="20220525 11:00:45.475" endtime="20220525 11:00:57.240"/>
</suite>
<statistics>
<total>
<stat pass="1" fail="0" skip="0">All Tests</stat>
</total>
<tag>
<stat pass="1" fail="0" skip="0">Functional</stat>
</tag>
<suite>
<stat pass="1" fail="0" skip="0" id="s1" name="Test">Test</stat>
</suite>
</statistics>
<errors>
</errors>
</robot>
