<?xml version="1.0" encoding="UTF-8"?>
<robot generator="Robot 5.0.1 (Python 3.10.4 on win32)" generated="20220519 14:27:38.923" rpa="false" schemaversion="3">
<suite id="s1" name="Datepicker" source="D:\AutomationTest\RobotFramework\ui\datepicker.robot">
<test id="s1-t1" name="Test Datetime picker" line="10">
<kw name="Open Browser" library="SeleniumLibrary">
<arg>${URL}</arg>
<arg>${BROWSER}</arg>
<doc>Opens a new browser instance to the optional ``url``.</doc>
<msg timestamp="20220519 14:27:39.348" level="INFO">Opening browser 'Chrome' to base url 'https://www.globalsqa.com/demo-site/datepicker/#Simple%20Date%20Picker'.</msg>
<status status="PASS" starttime="20220519 14:27:39.348" endtime="20220519 14:27:51.668"/>
</kw>
<kw name="Maximize Browser Window" library="SeleniumLibrary">
<doc>Maximizes current browser window.</doc>
<status status="PASS" starttime="20220519 14:27:51.669" endtime="20220519 14:27:51.777"/>
</kw>
<kw name="Select Frame" library="SeleniumLibrary">
<arg>css:[data-src="../../demoSite/practice/datepicker/default.html"]</arg>
<doc>Sets frame identified by ``locator`` as the current frame.</doc>
<msg timestamp="20220519 14:27:51.778" level="INFO">Selecting frame 'css:[data-src="../../demoSite/practice/datepicker/default.html"]'.</msg>
<status status="PASS" starttime="20220519 14:27:51.778" endtime="20220519 14:27:51.799"/>
</kw>
<kw name="Wait Until Element Is Visible" library="SeleniumLibrary">
<arg>xpath://input[@id='datepicker']</arg>
<doc>Waits until the element ``locator`` is visible.</doc>
<status status="PASS" starttime="20220519 14:27:51.799" endtime="20220519 14:27:56.512"/>
</kw>
<kw name="Click Element" library="SeleniumLibrary">
<arg>xpath://input[@id='datepicker']</arg>
<doc>Click the element identified by ``locator``.</doc>
<msg timestamp="20220519 14:27:56.513" level="INFO">Clicking element 'xpath://input[@id='datepicker']'.</msg>
<status status="PASS" starttime="20220519 14:27:56.512" endtime="20220519 14:27:56.577"/>
</kw>
<kw name="Unselect Frame" library="SeleniumLibrary">
<doc>Sets the main frame as the current frame.</doc>
<status status="PASS" starttime="20220519 14:27:56.577" endtime="20220519 14:27:56.579"/>
</kw>
<status status="PASS" starttime="20220519 14:27:39.347" endtime="20220519 14:27:56.579"/>
</test>
<test id="s1-t2" name="Close my browser" line="27">
<kw name="Sleep" library="BuiltIn">
<arg>3</arg>
<doc>Pauses the test executed for the given time.</doc>
<msg timestamp="20220519 14:27:59.581" level="INFO">Slept 3 seconds</msg>
<status status="PASS" starttime="20220519 14:27:56.580" endtime="20220519 14:27:59.581"/>
</kw>
<kw name="Close Browser" library="SeleniumLibrary">
<doc>Closes the current browser.</doc>
<status status="PASS" starttime="20220519 14:27:59.581" endtime="20220519 14:28:01.839"/>
</kw>
<status status="PASS" starttime="20220519 14:27:56.579" endtime="20220519 14:28:01.839"/>
</test>
<status status="PASS" starttime="20220519 14:27:38.925" endtime="20220519 14:28:01.841"/>
</suite>
<statistics>
<total>
<stat pass="2" fail="0" skip="0">All Tests</stat>
</total>
<tag>
</tag>
<suite>
<stat pass="2" fail="0" skip="0" id="s1" name="Datepicker">Datepicker</stat>
</suite>
</statistics>
<errors>
</errors>
</robot>
